2026-03-10 21:13:14,449 ERROR app: templates_load error: Expecting value: line 1 column 1 (char 0)
Traceback (most recent call last):
  File "D:\cod\shablon_rassilok\tests\..\app.py", line 849, in templates_load
    template = json.load(f)
               ^^^^^^^^^^^^
  File "C:\Python_11\Lib\json\__init__.py", line 293, in load
    return loads(fp.read(),
           ^^^^^^^^^^^^^^^^
  File "C:\Python_11\Lib\json\__init__.py", line 346, in loads
    return _default_decoder.decode(s)
           ^^^^^^^^^^^^^^^^^^^^^^^^^^
  File "C:\Python_11\Lib\json\decoder.py", line 337, in decode
    obj, end = self.raw_decode(s, idx=_w(s, 0).end())
               ^^^^^^^^^^^^^^^^^^^^^^^^^^^^^^^^^^^^^^
  File "C:\Python_11\Lib\json\decoder.py", line 355, in raw_decode
    raise JSONDecodeError("Expecting value", s, err.value) from None
json.decoder.JSONDecodeError: Expecting value: line 1 column 1 (char 0)
2026-03-10 21:13:14,486 ERROR app: get_config error: Cannot read \\server\dfs\BORUP\config.json
Traceback (most recent call last):
  File "D:\cod\shablon_rassilok\tests\..\app.py", line 672, in get_config
    config = load_config()
             ^^^^^^^^^^^^^
  File "C:\Python_11\Lib\unittest\mock.py", line 1118, in __call__
    return self._mock_call(*args, **kwargs)
           ^^^^^^^^^^^^^^^^^^^^^^^^^^^^^^^^
  File "C:\Python_11\Lib\unittest\mock.py", line 1122, in _mock_call
    return self._execute_mock_call(*args, **kwargs)
           ^^^^^^^^^^^^^^^^^^^^^^^^^^^^^^^^^^^^^^^^
  File "C:\Python_11\Lib\unittest\mock.py", line 1183, in _execute_mock_call
    result = effect(*args, **kwargs)
             ^^^^^^^^^^^^^^^^^^^^^^^
  File "D:\cod\shablon_rassilok\tests\test_audit.py", line 306, in bad_load
    raise RuntimeError(f"Cannot read \\\\server\\dfs\\BORUP\\config.json")
RuntimeError: Cannot read \\server\dfs\BORUP\config.json
2026-03-10 21:13:14,829 ERROR app: templates_load error: Expecting value: line 1 column 1 (char 0)
Traceback (most recent call last):
  File "D:\cod\shablon_rassilok\tests\..\app.py", line 849, in templates_load
    template = json.load(f)
               ^^^^^^^^^^^^
  File "C:\Python_11\Lib\json\__init__.py", line 293, in load
    return loads(fp.read(),
           ^^^^^^^^^^^^^^^^
  File "C:\Python_11\Lib\json\__init__.py", line 346, in loads
    return _default_decoder.decode(s)
           ^^^^^^^^^^^^^^^^^^^^^^^^^^
  File "C:\Python_11\Lib\json\decoder.py", line 337, in decode
    obj, end = self.raw_decode(s, idx=_w(s, 0).end())
               ^^^^^^^^^^^^^^^^^^^^^^^^^^^^^^^^^^^^^^
  File "C:\Python_11\Lib\json\decoder.py", line 355, in raw_decode
    raise JSONDecodeError("Expecting value", s, err.value) from None
json.decoder.JSONDecodeError: Expecting value: line 1 column 1 (char 0)
2026-03-10 21:13:14,833 ERROR app: get_config error: Cannot read \\server\dfs\BORUP\config.json
Traceback (most recent call last):
  File "D:\cod\shablon_rassilok\tests\..\app.py", line 672, in get_config
    config = load_config()
             ^^^^^^^^^^^^^
  File "C:\Python_11\Lib\unittest\mock.py", line 1118, in __call__
    return self._mock_call(*args, **kwargs)
           ^^^^^^^^^^^^^^^^^^^^^^^^^^^^^^^^
  File "C:\Python_11\Lib\unittest\mock.py", line 1122, in _mock_call
    return self._execute_mock_call(*args, **kwargs)
           ^^^^^^^^^^^^^^^^^^^^^^^^^^^^^^^^^^^^^^^^
  File "C:\Python_11\Lib\unittest\mock.py", line 1183, in _execute_mock_call
    result = effect(*args, **kwargs)
             ^^^^^^^^^^^^^^^^^^^^^^^
  File "D:\cod\shablon_rassilok\tests\test_audit.py", line 351, in bad_load
    raise RuntimeError(r"Cannot read \\server\dfs\BORUP\config.json")
RuntimeError: Cannot read \\server\dfs\BORUP\config.json
2026-03-10 21:13:14,854 ERROR app: templates_get_categories error: OSError: C:\Users\EvOlZ\AppData\Local\Temp\audit_network_jfcdihyv/templates/categories.json
Traceback (most recent call last):
  File "D:\cod\shablon_rassilok\tests\..\app.py", line 1065, in templates_get_categories
    categories = load_categories()
                 ^^^^^^^^^^^^^^^^^
  File "C:\Python_11\Lib\unittest\mock.py", line 1118, in __call__
    return self._mock_call(*args, **kwargs)
           ^^^^^^^^^^^^^^^^^^^^^^^^^^^^^^^^
  File "C:\Python_11\Lib\unittest\mock.py", line 1122, in _mock_call
    return self._execute_mock_call(*args, **kwargs)
           ^^^^^^^^^^^^^^^^^^^^^^^^^^^^^^^^^^^^^^^^
  File "C:\Python_11\Lib\unittest\mock.py", line 1183, in _execute_mock_call
    result = effect(*args, **kwargs)
             ^^^^^^^^^^^^^^^^^^^^^^^
  File "D:\cod\shablon_rassilok\tests\test_audit.py", line 364, in bad_load
    raise RuntimeError(f"OSError: {FAKE_NETWORK}/templates/categories.json")
RuntimeError: OSError: C:\Users\EvOlZ\AppData\Local\Temp\audit_network_jfcdihyv/templates/categories.json
2026-03-10 21:13:15,774 ERROR app: templates_load error: Expecting value: line 1 column 1 (char 0)
Traceback (most recent call last):
  File "D:\cod\shablon_rassilok\tests\..\app.py", line 849, in templates_load
    template = json.load(f)
               ^^^^^^^^^^^^
  File "C:\Python_11\Lib\json\__init__.py", line 293, in load
    return loads(fp.read(),
           ^^^^^^^^^^^^^^^^
  File "C:\Python_11\Lib\json\__init__.py", line 346, in loads
    return _default_decoder.decode(s)
           ^^^^^^^^^^^^^^^^^^^^^^^^^^
  File "C:\Python_11\Lib\json\decoder.py", line 337, in decode
    obj, end = self.raw_decode(s, idx=_w(s, 0).end())
               ^^^^^^^^^^^^^^^^^^^^^^^^^^^^^^^^^^^^^^
  File "C:\Python_11\Lib\json\decoder.py", line 355, in raw_decode
    raise JSONDecodeError("Expecting value", s, err.value) from None
json.decoder.JSONDecodeError: Expecting value: line 1 column 1 (char 0)
2026-03-10 21:13:15,779 ERROR app: get_config error: Cannot read \\gd.rt.ru\dfs\BORUP\config.json
Traceback (most recent call last):
  File "D:\cod\shablon_rassilok\tests\..\app.py", line 672, in get_config
    config = load_config()
             ^^^^^^^^^^^^^
  File "C:\Python_11\Lib\unittest\mock.py", line 1118, in __call__
    return self._mock_call(*args, **kwargs)
           ^^^^^^^^^^^^^^^^^^^^^^^^^^^^^^^^
  File "C:\Python_11\Lib\unittest\mock.py", line 1122, in _mock_call
    return self._execute_mock_call(*args, **kwargs)
           ^^^^^^^^^^^^^^^^^^^^^^^^^^^^^^^^^^^^^^^^
  File "C:\Python_11\Lib\unittest\mock.py", line 1183, in _execute_mock_call
    result = effect(*args, **kwargs)
             ^^^^^^^^^^^^^^^^^^^^^^^
  File "D:\cod\shablon_rassilok\tests\test_fixes.py", line 272, in bad_load
    raise RuntimeError(r"Cannot read \\gd.rt.ru\dfs\BORUP\config.json")
RuntimeError: Cannot read \\gd.rt.ru\dfs\BORUP\config.json
2026-03-10 21:13:15,828 ERROR app: templates_get_categories error: C:\Users\EvOlZ\AppData\Local\Temp\fixes_network_yd1jlnpt/templates/categories.json not found
Traceback (most recent call last):
  File "D:\cod\shablon_rassilok\tests\..\app.py", line 1065, in templates_get_categories
    categories = load_categories()
                 ^^^^^^^^^^^^^^^^^
  File "C:\Python_11\Lib\unittest\mock.py", line 1118, in __call__
    return self._mock_call(*args, **kwargs)
           ^^^^^^^^^^^^^^^^^^^^^^^^^^^^^^^^
  File "C:\Python_11\Lib\unittest\mock.py", line 1122, in _mock_call
    return self._execute_mock_call(*args, **kwargs)
           ^^^^^^^^^^^^^^^^^^^^^^^^^^^^^^^^^^^^^^^^
  File "C:\Python_11\Lib\unittest\mock.py", line 1183, in _execute_mock_call
    result = effect(*args, **kwargs)
             ^^^^^^^^^^^^^^^^^^^^^^^
  File "D:\cod\shablon_rassilok\tests\test_fixes.py", line 281, in bad_load
    raise OSError(f"{FAKE_NETWORK}/templates/categories.json not found")
OSError: C:\Users\EvOlZ\AppData\Local\Temp\fixes_network_yd1jlnpt/templates/categories.json not found
2026-03-10 21:13:15,873 ERROR app: templates_save error: Cannot write to C:\Users\EvOlZ\AppData\Local\Temp\fixes_network_yd1jlnpt/templates/shared/x.json
Traceback (most recent call last):
  File "D:\cod\shablon_rassilok\tests\..\app.py", line 905, in templates_save
    with open(filepath, 'w', encoding='utf-8') as f:
         ^^^^^^^^^^^^^^^^^^^^^^^^^^^^^^^^^^^^^
  File "C:\Python_11\Lib\unittest\mock.py", line 1118, in __call__
    return self._mock_call(*args, **kwargs)
           ^^^^^^^^^^^^^^^^^^^^^^^^^^^^^^^^
  File "C:\Python_11\Lib\unittest\mock.py", line 1122, in _mock_call
    return self._execute_mock_call(*args, **kwargs)
           ^^^^^^^^^^^^^^^^^^^^^^^^^^^^^^^^^^^^^^^^
  File "C:\Python_11\Lib\unittest\mock.py", line 1183, in _execute_mock_call
    result = effect(*args, **kwargs)
             ^^^^^^^^^^^^^^^^^^^^^^^
  File "D:\cod\shablon_rassilok\tests\test_fixes.py", line 290, in bad_open
    raise PermissionError(f"Cannot write to {FAKE_NETWORK}/templates/shared/x.json")
PermissionError: Cannot write to C:\Users\EvOlZ\AppData\Local\Temp\fixes_network_yd1jlnpt/templates/shared/x.json
2026-03-10 21:13:15,917 ERROR app: templates_delete error: Permission denied: C:\Users\EvOlZ\AppData\Local\Temp\pytest-of-EvOlZ\pytest-20\test_delete_error_hides_path0\templates\users\testuser\sample.json
Traceback (most recent call last):
  File "D:\cod\shablon_rassilok\tests\..\app.py", line 954, in templates_delete
    os.remove(filepath)
  File "C:\Python_11\Lib\unittest\mock.py", line 1118, in __call__
    return self._mock_call(*args, **kwargs)
           ^^^^^^^^^^^^^^^^^^^^^^^^^^^^^^^^
  File "C:\Python_11\Lib\unittest\mock.py", line 1122, in _mock_call
    return self._execute_mock_call(*args, **kwargs)
           ^^^^^^^^^^^^^^^^^^^^^^^^^^^^^^^^^^^^^^^^
  File "C:\Python_11\Lib\unittest\mock.py", line 1183, in _execute_mock_call
    result = effect(*args, **kwargs)
             ^^^^^^^^^^^^^^^^^^^^^^^
  File "D:\cod\shablon_rassilok\tests\test_fixes.py", line 302, in bad_remove
    raise PermissionError(f"Permission denied: {path}")
PermissionError: Permission denied: C:\Users\EvOlZ\AppData\Local\Temp\pytest-of-EvOlZ\pytest-20\test_delete_error_hides_path0\templates\users\testuser\sample.json
2026-03-10 21:13:15,954 ERROR app: get_config error: Traceback (most recent call last):
  File 'app.py'...
Traceback (most recent call last):
  File "D:\cod\shablon_rassilok\tests\..\app.py", line 672, in get_config
    config = load_config()
             ^^^^^^^^^^^^^
  File "C:\Python_11\Lib\unittest\mock.py", line 1118, in __call__
    return self._mock_call(*args, **kwargs)
           ^^^^^^^^^^^^^^^^^^^^^^^^^^^^^^^^
  File "C:\Python_11\Lib\unittest\mock.py", line 1122, in _mock_call
    return self._execute_mock_call(*args, **kwargs)
           ^^^^^^^^^^^^^^^^^^^^^^^^^^^^^^^^^^^^^^^^
  File "C:\Python_11\Lib\unittest\mock.py", line 1183, in _execute_mock_call
    result = effect(*args, **kwargs)
             ^^^^^^^^^^^^^^^^^^^^^^^
  File "D:\cod\shablon_rassilok\tests\test_fixes.py", line 312, in bad_load
    raise RuntimeError("Traceback (most recent call last):\n  File 'app.py'...")
RuntimeError: Traceback (most recent call last):
  File 'app.py'...
2026-03-10 21:38:14,124 ERROR app: templates_load error: Expecting value: line 1 column 1 (char 0)
Traceback (most recent call last):
  File "D:\cod\shablon_rassilok\tests\..\app.py", line 849, in templates_load
    template = json.load(f)
               ^^^^^^^^^^^^
  File "C:\Python_11\Lib\json\__init__.py", line 293, in load
    return loads(fp.read(),
           ^^^^^^^^^^^^^^^^
  File "C:\Python_11\Lib\json\__init__.py", line 346, in loads
    return _default_decoder.decode(s)
           ^^^^^^^^^^^^^^^^^^^^^^^^^^
  File "C:\Python_11\Lib\json\decoder.py", line 337, in decode
    obj, end = self.raw_decode(s, idx=_w(s, 0).end())
               ^^^^^^^^^^^^^^^^^^^^^^^^^^^^^^^^^^^^^^
  File "C:\Python_11\Lib\json\decoder.py", line 355, in raw_decode
    raise JSONDecodeError("Expecting value", s, err.value) from None
json.decoder.JSONDecodeError: Expecting value: line 1 column 1 (char 0)
2026-03-10 21:38:14,201 ERROR app: get_config error: Cannot read \\server\dfs\BORUP\config.json
Traceback (most recent call last):
  File "D:\cod\shablon_rassilok\tests\..\app.py", line 672, in get_config
    config = load_config()
             ^^^^^^^^^^^^^
  File "C:\Python_11\Lib\unittest\mock.py", line 1118, in __call__
    return self._mock_call(*args, **kwargs)
           ^^^^^^^^^^^^^^^^^^^^^^^^^^^^^^^^
  File "C:\Python_11\Lib\unittest\mock.py", line 1122, in _mock_call
    return self._execute_mock_call(*args, **kwargs)
           ^^^^^^^^^^^^^^^^^^^^^^^^^^^^^^^^^^^^^^^^
  File "C:\Python_11\Lib\unittest\mock.py", line 1183, in _execute_mock_call
    result = effect(*args, **kwargs)
             ^^^^^^^^^^^^^^^^^^^^^^^
  File "D:\cod\shablon_rassilok\tests\test_audit.py", line 306, in bad_load
    raise RuntimeError(f"Cannot read \\\\server\\dfs\\BORUP\\config.json")
RuntimeError: Cannot read \\server\dfs\BORUP\config.json
2026-03-10 21:38:14,677 ERROR app: templates_load error: Expecting value: line 1 column 1 (char 0)
Traceback (most recent call last):
  File "D:\cod\shablon_rassilok\tests\..\app.py", line 849, in templates_load
    template = json.load(f)
               ^^^^^^^^^^^^
  File "C:\Python_11\Lib\json\__init__.py", line 293, in load
    return loads(fp.read(),
           ^^^^^^^^^^^^^^^^
  File "C:\Python_11\Lib\json\__init__.py", line 346, in loads
    return _default_decoder.decode(s)
           ^^^^^^^^^^^^^^^^^^^^^^^^^^
  File "C:\Python_11\Lib\json\decoder.py", line 337, in decode
    obj, end = self.raw_decode(s, idx=_w(s, 0).end())
               ^^^^^^^^^^^^^^^^^^^^^^^^^^^^^^^^^^^^^^
  File "C:\Python_11\Lib\json\decoder.py", line 355, in raw_decode
    raise JSONDecodeError("Expecting value", s, err.value) from None
json.decoder.JSONDecodeError: Expecting value: line 1 column 1 (char 0)
2026-03-10 21:38:14,678 ERROR app: get_config error: Cannot read \\server\dfs\BORUP\config.json
Traceback (most recent call last):
  File "D:\cod\shablon_rassilok\tests\..\app.py", line 672, in get_config
    config = load_config()
             ^^^^^^^^^^^^^
  File "C:\Python_11\Lib\unittest\mock.py", line 1118, in __call__
    return self._mock_call(*args, **kwargs)
           ^^^^^^^^^^^^^^^^^^^^^^^^^^^^^^^^
  File "C:\Python_11\Lib\unittest\mock.py", line 1122, in _mock_call
    return self._execute_mock_call(*args, **kwargs)
           ^^^^^^^^^^^^^^^^^^^^^^^^^^^^^^^^^^^^^^^^
  File "C:\Python_11\Lib\unittest\mock.py", line 1183, in _execute_mock_call
    result = effect(*args, **kwargs)
             ^^^^^^^^^^^^^^^^^^^^^^^
  File "D:\cod\shablon_rassilok\tests\test_audit.py", line 351, in bad_load
    raise RuntimeError(r"Cannot read \\server\dfs\BORUP\config.json")
RuntimeError: Cannot read \\server\dfs\BORUP\config.json
2026-03-10 21:38:14,706 ERROR app: templates_get_categories error: OSError: C:\Users\EvOlZ\AppData\Local\Temp\audit_network_6cytiv5d/templates/categories.json
Traceback (most recent call last):
  File "D:\cod\shablon_rassilok\tests\..\app.py", line 1065, in templates_get_categories
    categories = load_categories()
                 ^^^^^^^^^^^^^^^^^
  File "C:\Python_11\Lib\unittest\mock.py", line 1118, in __call__
    return self._mock_call(*args, **kwargs)
           ^^^^^^^^^^^^^^^^^^^^^^^^^^^^^^^^
  File "C:\Python_11\Lib\unittest\mock.py", line 1122, in _mock_call
    return self._execute_mock_call(*args, **kwargs)
           ^^^^^^^^^^^^^^^^^^^^^^^^^^^^^^^^^^^^^^^^
  File "C:\Python_11\Lib\unittest\mock.py", line 1183, in _execute_mock_call
    result = effect(*args, **kwargs)
             ^^^^^^^^^^^^^^^^^^^^^^^
  File "D:\cod\shablon_rassilok\tests\test_audit.py", line 364, in bad_load
    raise RuntimeError(f"OSError: {FAKE_NETWORK}/templates/categories.json")
RuntimeError: OSError: C:\Users\EvOlZ\AppData\Local\Temp\audit_network_6cytiv5d/templates/categories.json
2026-03-10 21:38:16,004 ERROR app: templates_load error: Expecting value: line 1 column 1 (char 0)
Traceback (most recent call last):
  File "D:\cod\shablon_rassilok\tests\..\app.py", line 849, in templates_load
    template = json.load(f)
               ^^^^^^^^^^^^
  File "C:\Python_11\Lib\json\__init__.py", line 293, in load
    return loads(fp.read(),
           ^^^^^^^^^^^^^^^^
  File "C:\Python_11\Lib\json\__init__.py", line 346, in loads
    return _default_decoder.decode(s)
           ^^^^^^^^^^^^^^^^^^^^^^^^^^
  File "C:\Python_11\Lib\json\decoder.py", line 337, in decode
    obj, end = self.raw_decode(s, idx=_w(s, 0).end())
               ^^^^^^^^^^^^^^^^^^^^^^^^^^^^^^^^^^^^^^
  File "C:\Python_11\Lib\json\decoder.py", line 355, in raw_decode
    raise JSONDecodeError("Expecting value", s, err.value) from None
json.decoder.JSONDecodeError: Expecting value: line 1 column 1 (char 0)
2026-03-10 21:38:16,008 ERROR app: get_config error: Cannot read \\gd.rt.ru\dfs\BORUP\config.json
Traceback (most recent call last):
  File "D:\cod\shablon_rassilok\tests\..\app.py", line 672, in get_config
    config = load_config()
             ^^^^^^^^^^^^^
  File "C:\Python_11\Lib\unittest\mock.py", line 1118, in __call__
    return self._mock_call(*args, **kwargs)
           ^^^^^^^^^^^^^^^^^^^^^^^^^^^^^^^^
  File "C:\Python_11\Lib\unittest\mock.py", line 1122, in _mock_call
    return self._execute_mock_call(*args, **kwargs)
           ^^^^^^^^^^^^^^^^^^^^^^^^^^^^^^^^^^^^^^^^
  File "C:\Python_11\Lib\unittest\mock.py", line 1183, in _execute_mock_call
    result = effect(*args, **kwargs)
             ^^^^^^^^^^^^^^^^^^^^^^^
  File "D:\cod\shablon_rassilok\tests\test_fixes.py", line 272, in bad_load
    raise RuntimeError(r"Cannot read \\gd.rt.ru\dfs\BORUP\config.json")
RuntimeError: Cannot read \\gd.rt.ru\dfs\BORUP\config.json
2026-03-10 21:38:16,094 ERROR app: templates_get_categories error: C:\Users\EvOlZ\AppData\Local\Temp\fixes_network_cf_hpsna/templates/categories.json not found
Traceback (most recent call last):
  File "D:\cod\shablon_rassilok\tests\..\app.py", line 1065, in templates_get_categories
    categories = load_categories()
                 ^^^^^^^^^^^^^^^^^
  File "C:\Python_11\Lib\unittest\mock.py", line 1118, in __call__
    return self._mock_call(*args, **kwargs)
           ^^^^^^^^^^^^^^^^^^^^^^^^^^^^^^^^
  File "C:\Python_11\Lib\unittest\mock.py", line 1122, in _mock_call
    return self._execute_mock_call(*args, **kwargs)
           ^^^^^^^^^^^^^^^^^^^^^^^^^^^^^^^^^^^^^^^^
  File "C:\Python_11\Lib\unittest\mock.py", line 1183, in _execute_mock_call
    result = effect(*args, **kwargs)
             ^^^^^^^^^^^^^^^^^^^^^^^
  File "D:\cod\shablon_rassilok\tests\test_fixes.py", line 281, in bad_load
    raise OSError(f"{FAKE_NETWORK}/templates/categories.json not found")
OSError: C:\Users\EvOlZ\AppData\Local\Temp\fixes_network_cf_hpsna/templates/categories.json not found
2026-03-10 21:38:16,150 ERROR app: templates_save error: Cannot write to C:\Users\EvOlZ\AppData\Local\Temp\fixes_network_cf_hpsna/templates/shared/x.json
Traceback (most recent call last):
  File "D:\cod\shablon_rassilok\tests\..\app.py", line 905, in templates_save
    with open(filepath, 'w', encoding='utf-8') as f:
         ^^^^^^^^^^^^^^^^^^^^^^^^^^^^^^^^^^^^^
  File "C:\Python_11\Lib\unittest\mock.py", line 1118, in __call__
    return self._mock_call(*args, **kwargs)
           ^^^^^^^^^^^^^^^^^^^^^^^^^^^^^^^^
  File "C:\Python_11\Lib\unittest\mock.py", line 1122, in _mock_call
    return self._execute_mock_call(*args, **kwargs)
           ^^^^^^^^^^^^^^^^^^^^^^^^^^^^^^^^^^^^^^^^
  File "C:\Python_11\Lib\unittest\mock.py", line 1183, in _execute_mock_call
    result = effect(*args, **kwargs)
             ^^^^^^^^^^^^^^^^^^^^^^^
  File "D:\cod\shablon_rassilok\tests\test_fixes.py", line 290, in bad_open
    raise PermissionError(f"Cannot write to {FAKE_NETWORK}/templates/shared/x.json")
PermissionError: Cannot write to C:\Users\EvOlZ\AppData\Local\Temp\fixes_network_cf_hpsna/templates/shared/x.json
2026-03-10 21:38:16,205 ERROR app: templates_delete error: Permission denied: C:\Users\EvOlZ\AppData\Local\Temp\pytest-of-EvOlZ\pytest-21\test_delete_error_hides_path0\templates\users\testuser\sample.json
Traceback (most recent call last):
  File "D:\cod\shablon_rassilok\tests\..\app.py", line 954, in templates_delete
    os.remove(filepath)
  File "C:\Python_11\Lib\unittest\mock.py", line 1118, in __call__
    return self._mock_call(*args, **kwargs)
           ^^^^^^^^^^^^^^^^^^^^^^^^^^^^^^^^
  File "C:\Python_11\Lib\unittest\mock.py", line 1122, in _mock_call
    return self._execute_mock_call(*args, **kwargs)
           ^^^^^^^^^^^^^^^^^^^^^^^^^^^^^^^^^^^^^^^^
  File "C:\Python_11\Lib\unittest\mock.py", line 1183, in _execute_mock_call
    result = effect(*args, **kwargs)
             ^^^^^^^^^^^^^^^^^^^^^^^
  File "D:\cod\shablon_rassilok\tests\test_fixes.py", line 302, in bad_remove
    raise PermissionError(f"Permission denied: {path}")
PermissionError: Permission denied: C:\Users\EvOlZ\AppData\Local\Temp\pytest-of-EvOlZ\pytest-21\test_delete_error_hides_path0\templates\users\testuser\sample.json
2026-03-10 21:38:16,252 ERROR app: get_config error: Traceback (most recent call last):
  File 'app.py'...
Traceback (most recent call last):
  File "D:\cod\shablon_rassilok\tests\..\app.py", line 672, in get_config
    config = load_config()
             ^^^^^^^^^^^^^
  File "C:\Python_11\Lib\unittest\mock.py", line 1118, in __call__
    return self._mock_call(*args, **kwargs)
           ^^^^^^^^^^^^^^^^^^^^^^^^^^^^^^^^
  File "C:\Python_11\Lib\unittest\mock.py", line 1122, in _mock_call
    return self._execute_mock_call(*args, **kwargs)
           ^^^^^^^^^^^^^^^^^^^^^^^^^^^^^^^^^^^^^^^^
  File "C:\Python_11\Lib\unittest\mock.py", line 1183, in _execute_mock_call
    result = effect(*args, **kwargs)
             ^^^^^^^^^^^^^^^^^^^^^^^
  File "D:\cod\shablon_rassilok\tests\test_fixes.py", line 312, in bad_load
    raise RuntimeError("Traceback (most recent call last):\n  File 'app.py'...")
RuntimeError: Traceback (most recent call last):
  File 'app.py'...
2026-03-10 21:44:59,878 ERROR app: templates_load error: Expecting value: line 1 column 1 (char 0)
Traceback (most recent call last):
  File "D:\cod\shablon_rassilok\tests\..\app.py", line 849, in templates_load
    template = json.load(f)
               ^^^^^^^^^^^^
  File "C:\Python_11\Lib\json\__init__.py", line 293, in load
    return loads(fp.read(),
           ^^^^^^^^^^^^^^^^
  File "C:\Python_11\Lib\json\__init__.py", line 346, in loads
    return _default_decoder.decode(s)
           ^^^^^^^^^^^^^^^^^^^^^^^^^^
  File "C:\Python_11\Lib\json\decoder.py", line 337, in decode
    obj, end = self.raw_decode(s, idx=_w(s, 0).end())
               ^^^^^^^^^^^^^^^^^^^^^^^^^^^^^^^^^^^^^^
  File "C:\Python_11\Lib\json\decoder.py", line 355, in raw_decode
    raise JSONDecodeError("Expecting value", s, err.value) from None
json.decoder.JSONDecodeError: Expecting value: line 1 column 1 (char 0)
2026-03-10 21:44:59,884 ERROR app: get_config error: Cannot read \\server\dfs\BORUP\config.json
Traceback (most recent call last):
  File "D:\cod\shablon_rassilok\tests\..\app.py", line 672, in get_config
    config = load_config()
             ^^^^^^^^^^^^^
  File "C:\Python_11\Lib\unittest\mock.py", line 1118, in __call__
    return self._mock_call(*args, **kwargs)
           ^^^^^^^^^^^^^^^^^^^^^^^^^^^^^^^^
  File "C:\Python_11\Lib\unittest\mock.py", line 1122, in _mock_call
    return self._execute_mock_call(*args, **kwargs)
           ^^^^^^^^^^^^^^^^^^^^^^^^^^^^^^^^^^^^^^^^
  File "C:\Python_11\Lib\unittest\mock.py", line 1183, in _execute_mock_call
    result = effect(*args, **kwargs)
             ^^^^^^^^^^^^^^^^^^^^^^^
  File "D:\cod\shablon_rassilok\tests\test_audit.py", line 306, in bad_load
    raise RuntimeError(f"Cannot read \\\\server\\dfs\\BORUP\\config.json")
RuntimeError: Cannot read \\server\dfs\BORUP\config.json
2026-03-10 21:45:00,138 ERROR app: templates_load error: Expecting value: line 1 column 1 (char 0)
Traceback (most recent call last):
  File "D:\cod\shablon_rassilok\tests\..\app.py", line 849, in templates_load
    template = json.load(f)
               ^^^^^^^^^^^^
  File "C:\Python_11\Lib\json\__init__.py", line 293, in load
    return loads(fp.read(),
           ^^^^^^^^^^^^^^^^
  File "C:\Python_11\Lib\json\__init__.py", line 346, in loads
    return _default_decoder.decode(s)
           ^^^^^^^^^^^^^^^^^^^^^^^^^^
  File "C:\Python_11\Lib\json\decoder.py", line 337, in decode
    obj, end = self.raw_decode(s, idx=_w(s, 0).end())
               ^^^^^^^^^^^^^^^^^^^^^^^^^^^^^^^^^^^^^^
  File "C:\Python_11\Lib\json\decoder.py", line 355, in raw_decode
    raise JSONDecodeError("Expecting value", s, err.value) from None
json.decoder.JSONDecodeError: Expecting value: line 1 column 1 (char 0)
2026-03-10 21:45:00,149 ERROR app: get_config error: Cannot read \\server\dfs\BORUP\config.json
Traceback (most recent call last):
  File "D:\cod\shablon_rassilok\tests\..\app.py", line 672, in get_config
    config = load_config()
             ^^^^^^^^^^^^^
  File "C:\Python_11\Lib\unittest\mock.py", line 1118, in __call__
    return self._mock_call(*args, **kwargs)
           ^^^^^^^^^^^^^^^^^^^^^^^^^^^^^^^^
  File "C:\Python_11\Lib\unittest\mock.py", line 1122, in _mock_call
    return self._execute_mock_call(*args, **kwargs)
           ^^^^^^^^^^^^^^^^^^^^^^^^^^^^^^^^^^^^^^^^
  File "C:\Python_11\Lib\unittest\mock.py", line 1183, in _execute_mock_call
    result = effect(*args, **kwargs)
             ^^^^^^^^^^^^^^^^^^^^^^^
  File "D:\cod\shablon_rassilok\tests\test_audit.py", line 351, in bad_load
    raise RuntimeError(r"Cannot read \\server\dfs\BORUP\config.json")
RuntimeError: Cannot read \\server\dfs\BORUP\config.json
2026-03-10 21:45:00,173 ERROR app: templates_get_categories error: OSError: C:\Users\EvOlZ\AppData\Local\Temp\audit_network_5o9bu_id/templates/categories.json
Traceback (most recent call last):
  File "D:\cod\shablon_rassilok\tests\..\app.py", line 1065, in templates_get_categories
    categories = load_categories()
                 ^^^^^^^^^^^^^^^^^
  File "C:\Python_11\Lib\unittest\mock.py", line 1118, in __call__
    return self._mock_call(*args, **kwargs)
           ^^^^^^^^^^^^^^^^^^^^^^^^^^^^^^^^
  File "C:\Python_11\Lib\unittest\mock.py", line 1122, in _mock_call
    return self._execute_mock_call(*args, **kwargs)
           ^^^^^^^^^^^^^^^^^^^^^^^^^^^^^^^^^^^^^^^^
  File "C:\Python_11\Lib\unittest\mock.py", line 1183, in _execute_mock_call
    result = effect(*args, **kwargs)
             ^^^^^^^^^^^^^^^^^^^^^^^
  File "D:\cod\shablon_rassilok\tests\test_audit.py", line 364, in bad_load
    raise RuntimeError(f"OSError: {FAKE_NETWORK}/templates/categories.json")
RuntimeError: OSError: C:\Users\EvOlZ\AppData\Local\Temp\audit_network_5o9bu_id/templates/categories.json
2026-03-10 21:45:00,939 ERROR app: templates_load error: Expecting value: line 1 column 1 (char 0)
Traceback (most recent call last):
  File "D:\cod\shablon_rassilok\tests\..\app.py", line 849, in templates_load
    template = json.load(f)
               ^^^^^^^^^^^^
  File "C:\Python_11\Lib\json\__init__.py", line 293, in load
    return loads(fp.read(),
           ^^^^^^^^^^^^^^^^
  File "C:\Python_11\Lib\json\__init__.py", line 346, in loads
    return _default_decoder.decode(s)
           ^^^^^^^^^^^^^^^^^^^^^^^^^^
  File "C:\Python_11\Lib\json\decoder.py", line 337, in decode
    obj, end = self.raw_decode(s, idx=_w(s, 0).end())
               ^^^^^^^^^^^^^^^^^^^^^^^^^^^^^^^^^^^^^^
  File "C:\Python_11\Lib\json\decoder.py", line 355, in raw_decode
    raise JSONDecodeError("Expecting value", s, err.value) from None
json.decoder.JSONDecodeError: Expecting value: line 1 column 1 (char 0)
2026-03-10 21:45:00,949 ERROR app: get_config error: Cannot read \\gd.rt.ru\dfs\BORUP\config.json
Traceback (most recent call last):
  File "D:\cod\shablon_rassilok\tests\..\app.py", line 672, in get_config
    config = load_config()
             ^^^^^^^^^^^^^
  File "C:\Python_11\Lib\unittest\mock.py", line 1118, in __call__
    return self._mock_call(*args, **kwargs)
           ^^^^^^^^^^^^^^^^^^^^^^^^^^^^^^^^
  File "C:\Python_11\Lib\unittest\mock.py", line 1122, in _mock_call
    return self._execute_mock_call(*args, **kwargs)
           ^^^^^^^^^^^^^^^^^^^^^^^^^^^^^^^^^^^^^^^^
  File "C:\Python_11\Lib\unittest\mock.py", line 1183, in _execute_mock_call
    result = effect(*args, **kwargs)
             ^^^^^^^^^^^^^^^^^^^^^^^
  File "D:\cod\shablon_rassilok\tests\test_fixes.py", line 272, in bad_load
    raise RuntimeError(r"Cannot read \\gd.rt.ru\dfs\BORUP\config.json")
RuntimeError: Cannot read \\gd.rt.ru\dfs\BORUP\config.json
2026-03-10 21:45:00,979 ERROR app: templates_get_categories error: C:\Users\EvOlZ\AppData\Local\Temp\fixes_network_xdqx0c4j/templates/categories.json not found
Traceback (most recent call last):
  File "D:\cod\shablon_rassilok\tests\..\app.py", line 1065, in templates_get_categories
    categories = load_categories()
                 ^^^^^^^^^^^^^^^^^
  File "C:\Python_11\Lib\unittest\mock.py", line 1118, in __call__
    return self._mock_call(*args, **kwargs)
           ^^^^^^^^^^^^^^^^^^^^^^^^^^^^^^^^
  File "C:\Python_11\Lib\unittest\mock.py", line 1122, in _mock_call
    return self._execute_mock_call(*args, **kwargs)
           ^^^^^^^^^^^^^^^^^^^^^^^^^^^^^^^^^^^^^^^^
  File "C:\Python_11\Lib\unittest\mock.py", line 1183, in _execute_mock_call
    result = effect(*args, **kwargs)
             ^^^^^^^^^^^^^^^^^^^^^^^
  File "D:\cod\shablon_rassilok\tests\test_fixes.py", line 281, in bad_load
    raise OSError(f"{FAKE_NETWORK}/templates/categories.json not found")
OSError: C:\Users\EvOlZ\AppData\Local\Temp\fixes_network_xdqx0c4j/templates/categories.json not found
2026-03-10 21:45:01,023 ERROR app: templates_save error: Cannot write to C:\Users\EvOlZ\AppData\Local\Temp\fixes_network_xdqx0c4j/templates/shared/x.json
Traceback (most recent call last):
  File "D:\cod\shablon_rassilok\tests\..\app.py", line 905, in templates_save
    with open(filepath, 'w', encoding='utf-8') as f:
         ^^^^^^^^^^^^^^^^^^^^^^^^^^^^^^^^^^^^^
  File "C:\Python_11\Lib\unittest\mock.py", line 1118, in __call__
    return self._mock_call(*args, **kwargs)
           ^^^^^^^^^^^^^^^^^^^^^^^^^^^^^^^^
  File "C:\Python_11\Lib\unittest\mock.py", line 1122, in _mock_call
    return self._execute_mock_call(*args, **kwargs)
           ^^^^^^^^^^^^^^^^^^^^^^^^^^^^^^^^^^^^^^^^
  File "C:\Python_11\Lib\unittest\mock.py", line 1183, in _execute_mock_call
    result = effect(*args, **kwargs)
             ^^^^^^^^^^^^^^^^^^^^^^^
  File "D:\cod\shablon_rassilok\tests\test_fixes.py", line 290, in bad_open
    raise PermissionError(f"Cannot write to {FAKE_NETWORK}/templates/shared/x.json")
PermissionError: Cannot write to C:\Users\EvOlZ\AppData\Local\Temp\fixes_network_xdqx0c4j/templates/shared/x.json
2026-03-10 21:45:01,058 ERROR app: templates_delete error: Permission denied: C:\Users\EvOlZ\AppData\Local\Temp\pytest-of-EvOlZ\pytest-22\test_delete_error_hides_path0\templates\users\testuser\sample.json
Traceback (most recent call last):
  File "D:\cod\shablon_rassilok\tests\..\app.py", line 954, in templates_delete
    os.remove(filepath)
  File "C:\Python_11\Lib\unittest\mock.py", line 1118, in __call__
    return self._mock_call(*args, **kwargs)
           ^^^^^^^^^^^^^^^^^^^^^^^^^^^^^^^^
  File "C:\Python_11\Lib\unittest\mock.py", line 1122, in _mock_call
    return self._execute_mock_call(*args, **kwargs)
           ^^^^^^^^^^^^^^^^^^^^^^^^^^^^^^^^^^^^^^^^
  File "C:\Python_11\Lib\unittest\mock.py", line 1183, in _execute_mock_call
    result = effect(*args, **kwargs)
             ^^^^^^^^^^^^^^^^^^^^^^^
  File "D:\cod\shablon_rassilok\tests\test_fixes.py", line 302, in bad_remove
    raise PermissionError(f"Permission denied: {path}")
PermissionError: Permission denied: C:\Users\EvOlZ\AppData\Local\Temp\pytest-of-EvOlZ\pytest-22\test_delete_error_hides_path0\templates\users\testuser\sample.json
2026-03-10 21:45:01,088 ERROR app: get_config error: Traceback (most recent call last):
  File 'app.py'...
Traceback (most recent call last):
  File "D:\cod\shablon_rassilok\tests\..\app.py", line 672, in get_config
    config = load_config()
             ^^^^^^^^^^^^^
  File "C:\Python_11\Lib\unittest\mock.py", line 1118, in __call__
    return self._mock_call(*args, **kwargs)
           ^^^^^^^^^^^^^^^^^^^^^^^^^^^^^^^^
  File "C:\Python_11\Lib\unittest\mock.py", line 1122, in _mock_call
    return self._execute_mock_call(*args, **kwargs)
           ^^^^^^^^^^^^^^^^^^^^^^^^^^^^^^^^^^^^^^^^
  File "C:\Python_11\Lib\unittest\mock.py", line 1183, in _execute_mock_call
    result = effect(*args, **kwargs)
             ^^^^^^^^^^^^^^^^^^^^^^^
  File "D:\cod\shablon_rassilok\tests\test_fixes.py", line 312, in bad_load
    raise RuntimeError("Traceback (most recent call last):\n  File 'app.py'...")
RuntimeError: Traceback (most recent call last):
  File 'app.py'...
2026-03-10 21:46:23,251 ERROR app: templates_load error: Expecting value: line 1 column 1 (char 0)
Traceback (most recent call last):
  File "D:\cod\shablon_rassilok\tests\..\app.py", line 849, in templates_load
    template = json.load(f)
               ^^^^^^^^^^^^
  File "C:\Python_11\Lib\json\__init__.py", line 293, in load
    return loads(fp.read(),
           ^^^^^^^^^^^^^^^^
  File "C:\Python_11\Lib\json\__init__.py", line 346, in loads
    return _default_decoder.decode(s)
           ^^^^^^^^^^^^^^^^^^^^^^^^^^
  File "C:\Python_11\Lib\json\decoder.py", line 337, in decode
    obj, end = self.raw_decode(s, idx=_w(s, 0).end())
               ^^^^^^^^^^^^^^^^^^^^^^^^^^^^^^^^^^^^^^
  File "C:\Python_11\Lib\json\decoder.py", line 355, in raw_decode
    raise JSONDecodeError("Expecting value", s, err.value) from None
json.decoder.JSONDecodeError: Expecting value: line 1 column 1 (char 0)
2026-03-10 21:46:23,259 ERROR app: get_config error: Cannot read \\server\dfs\BORUP\config.json
Traceback (most recent call last):
  File "D:\cod\shablon_rassilok\tests\..\app.py", line 672, in get_config
    config = load_config()
             ^^^^^^^^^^^^^
  File "C:\Python_11\Lib\unittest\mock.py", line 1118, in __call__
    return self._mock_call(*args, **kwargs)
           ^^^^^^^^^^^^^^^^^^^^^^^^^^^^^^^^
  File "C:\Python_11\Lib\unittest\mock.py", line 1122, in _mock_call
    return self._execute_mock_call(*args, **kwargs)
           ^^^^^^^^^^^^^^^^^^^^^^^^^^^^^^^^^^^^^^^^
  File "C:\Python_11\Lib\unittest\mock.py", line 1183, in _execute_mock_call
    result = effect(*args, **kwargs)
             ^^^^^^^^^^^^^^^^^^^^^^^
  File "D:\cod\shablon_rassilok\tests\test_audit.py", line 306, in bad_load
    raise RuntimeError(f"Cannot read \\\\server\\dfs\\BORUP\\config.json")
RuntimeError: Cannot read \\server\dfs\BORUP\config.json
2026-03-10 21:46:23,507 ERROR app: templates_load error: Expecting value: line 1 column 1 (char 0)
Traceback (most recent call last):
  File "D:\cod\shablon_rassilok\tests\..\app.py", line 849, in templates_load
    template = json.load(f)
               ^^^^^^^^^^^^
  File "C:\Python_11\Lib\json\__init__.py", line 293, in load
    return loads(fp.read(),
           ^^^^^^^^^^^^^^^^
  File "C:\Python_11\Lib\json\__init__.py", line 346, in loads
    return _default_decoder.decode(s)
           ^^^^^^^^^^^^^^^^^^^^^^^^^^
  File "C:\Python_11\Lib\json\decoder.py", line 337, in decode
    obj, end = self.raw_decode(s, idx=_w(s, 0).end())
               ^^^^^^^^^^^^^^^^^^^^^^^^^^^^^^^^^^^^^^
  File "C:\Python_11\Lib\json\decoder.py", line 355, in raw_decode
    raise JSONDecodeError("Expecting value", s, err.value) from None
json.decoder.JSONDecodeError: Expecting value: line 1 column 1 (char 0)
2026-03-10 21:46:23,507 ERROR app: get_config error: Cannot read \\server\dfs\BORUP\config.json
Traceback (most recent call last):
  File "D:\cod\shablon_rassilok\tests\..\app.py", line 672, in get_config
    config = load_config()
             ^^^^^^^^^^^^^
  File "C:\Python_11\Lib\unittest\mock.py", line 1118, in __call__
    return self._mock_call(*args, **kwargs)
           ^^^^^^^^^^^^^^^^^^^^^^^^^^^^^^^^
  File "C:\Python_11\Lib\unittest\mock.py", line 1122, in _mock_call
    return self._execute_mock_call(*args, **kwargs)
           ^^^^^^^^^^^^^^^^^^^^^^^^^^^^^^^^^^^^^^^^
  File "C:\Python_11\Lib\unittest\mock.py", line 1183, in _execute_mock_call
    result = effect(*args, **kwargs)
             ^^^^^^^^^^^^^^^^^^^^^^^
  File "D:\cod\shablon_rassilok\tests\test_audit.py", line 351, in bad_load
    raise RuntimeError(r"Cannot read \\server\dfs\BORUP\config.json")
RuntimeError: Cannot read \\server\dfs\BORUP\config.json
2026-03-10 21:46:23,536 ERROR app: templates_get_categories error: OSError: C:\Users\EvOlZ\AppData\Local\Temp\audit_network_msblygtg/templates/categories.json
Traceback (most recent call last):
  File "D:\cod\shablon_rassilok\tests\..\app.py", line 1065, in templates_get_categories
    categories = load_categories()
                 ^^^^^^^^^^^^^^^^^
  File "C:\Python_11\Lib\unittest\mock.py", line 1118, in __call__
    return self._mock_call(*args, **kwargs)
           ^^^^^^^^^^^^^^^^^^^^^^^^^^^^^^^^
  File "C:\Python_11\Lib\unittest\mock.py", line 1122, in _mock_call
    return self._execute_mock_call(*args, **kwargs)
           ^^^^^^^^^^^^^^^^^^^^^^^^^^^^^^^^^^^^^^^^
  File "C:\Python_11\Lib\unittest\mock.py", line 1183, in _execute_mock_call
    result = effect(*args, **kwargs)
             ^^^^^^^^^^^^^^^^^^^^^^^
  File "D:\cod\shablon_rassilok\tests\test_audit.py", line 364, in bad_load
    raise RuntimeError(f"OSError: {FAKE_NETWORK}/templates/categories.json")
RuntimeError: OSError: C:\Users\EvOlZ\AppData\Local\Temp\audit_network_msblygtg/templates/categories.json
2026-03-10 21:46:24,309 ERROR app: templates_load error: Expecting value: line 1 column 1 (char 0)
Traceback (most recent call last):
  File "D:\cod\shablon_rassilok\tests\..\app.py", line 849, in templates_load
    template = json.load(f)
               ^^^^^^^^^^^^
  File "C:\Python_11\Lib\json\__init__.py", line 293, in load
    return loads(fp.read(),
           ^^^^^^^^^^^^^^^^
  File "C:\Python_11\Lib\json\__init__.py", line 346, in loads
    return _default_decoder.decode(s)
           ^^^^^^^^^^^^^^^^^^^^^^^^^^
  File "C:\Python_11\Lib\json\decoder.py", line 337, in decode
    obj, end = self.raw_decode(s, idx=_w(s, 0).end())
               ^^^^^^^^^^^^^^^^^^^^^^^^^^^^^^^^^^^^^^
  File "C:\Python_11\Lib\json\decoder.py", line 355, in raw_decode
    raise JSONDecodeError("Expecting value", s, err.value) from None
json.decoder.JSONDecodeError: Expecting value: line 1 column 1 (char 0)
2026-03-10 21:46:24,312 ERROR app: get_config error: Cannot read \\gd.rt.ru\dfs\BORUP\config.json
Traceback (most recent call last):
  File "D:\cod\shablon_rassilok\tests\..\app.py", line 672, in get_config
    config = load_config()
             ^^^^^^^^^^^^^
  File "C:\Python_11\Lib\unittest\mock.py", line 1118, in __call__
    return self._mock_call(*args, **kwargs)
           ^^^^^^^^^^^^^^^^^^^^^^^^^^^^^^^^
  File "C:\Python_11\Lib\unittest\mock.py", line 1122, in _mock_call
    return self._execute_mock_call(*args, **kwargs)
           ^^^^^^^^^^^^^^^^^^^^^^^^^^^^^^^^^^^^^^^^
  File "C:\Python_11\Lib\unittest\mock.py", line 1183, in _execute_mock_call
    result = effect(*args, **kwargs)
             ^^^^^^^^^^^^^^^^^^^^^^^
  File "D:\cod\shablon_rassilok\tests\test_fixes.py", line 272, in bad_load
    raise RuntimeError(r"Cannot read \\gd.rt.ru\dfs\BORUP\config.json")
RuntimeError: Cannot read \\gd.rt.ru\dfs\BORUP\config.json
2026-03-10 21:46:24,348 ERROR app: templates_get_categories error: C:\Users\EvOlZ\AppData\Local\Temp\fixes_network_m6tdwp0d/templates/categories.json not found
Traceback (most recent call last):
  File "D:\cod\shablon_rassilok\tests\..\app.py", line 1065, in templates_get_categories
    categories = load_categories()
                 ^^^^^^^^^^^^^^^^^
  File "C:\Python_11\Lib\unittest\mock.py", line 1118, in __call__
    return self._mock_call(*args, **kwargs)
           ^^^^^^^^^^^^^^^^^^^^^^^^^^^^^^^^
  File "C:\Python_11\Lib\unittest\mock.py", line 1122, in _mock_call
    return self._execute_mock_call(*args, **kwargs)
           ^^^^^^^^^^^^^^^^^^^^^^^^^^^^^^^^^^^^^^^^
  File "C:\Python_11\Lib\unittest\mock.py", line 1183, in _execute_mock_call
    result = effect(*args, **kwargs)
             ^^^^^^^^^^^^^^^^^^^^^^^
  File "D:\cod\shablon_rassilok\tests\test_fixes.py", line 281, in bad_load
    raise OSError(f"{FAKE_NETWORK}/templates/categories.json not found")
OSError: C:\Users\EvOlZ\AppData\Local\Temp\fixes_network_m6tdwp0d/templates/categories.json not found
2026-03-10 21:46:24,384 ERROR app: templates_save error: Cannot write to C:\Users\EvOlZ\AppData\Local\Temp\fixes_network_m6tdwp0d/templates/shared/x.json
Traceback (most recent call last):
  File "D:\cod\shablon_rassilok\tests\..\app.py", line 905, in templates_save
    with open(filepath, 'w', encoding='utf-8') as f:
         ^^^^^^^^^^^^^^^^^^^^^^^^^^^^^^^^^^^^^
  File "C:\Python_11\Lib\unittest\mock.py", line 1118, in __call__
    return self._mock_call(*args, **kwargs)
           ^^^^^^^^^^^^^^^^^^^^^^^^^^^^^^^^
  File "C:\Python_11\Lib\unittest\mock.py", line 1122, in _mock_call
    return self._execute_mock_call(*args, **kwargs)
           ^^^^^^^^^^^^^^^^^^^^^^^^^^^^^^^^^^^^^^^^
  File "C:\Python_11\Lib\unittest\mock.py", line 1183, in _execute_mock_call
    result = effect(*args, **kwargs)
             ^^^^^^^^^^^^^^^^^^^^^^^
  File "D:\cod\shablon_rassilok\tests\test_fixes.py", line 290, in bad_open
    raise PermissionError(f"Cannot write to {FAKE_NETWORK}/templates/shared/x.json")
PermissionError: Cannot write to C:\Users\EvOlZ\AppData\Local\Temp\fixes_network_m6tdwp0d/templates/shared/x.json
2026-03-10 21:46:24,421 ERROR app: templates_delete error: Permission denied: C:\Users\EvOlZ\AppData\Local\Temp\pytest-of-EvOlZ\pytest-23\test_delete_error_hides_path0\templates\users\testuser\sample.json
Traceback (most recent call last):
  File "D:\cod\shablon_rassilok\tests\..\app.py", line 954, in templates_delete
    os.remove(filepath)
  File "C:\Python_11\Lib\unittest\mock.py", line 1118, in __call__
    return self._mock_call(*args, **kwargs)
           ^^^^^^^^^^^^^^^^^^^^^^^^^^^^^^^^
  File "C:\Python_11\Lib\unittest\mock.py", line 1122, in _mock_call
    return self._execute_mock_call(*args, **kwargs)
           ^^^^^^^^^^^^^^^^^^^^^^^^^^^^^^^^^^^^^^^^
  File "C:\Python_11\Lib\unittest\mock.py", line 1183, in _execute_mock_call
    result = effect(*args, **kwargs)
             ^^^^^^^^^^^^^^^^^^^^^^^
  File "D:\cod\shablon_rassilok\tests\test_fixes.py", line 302, in bad_remove
    raise PermissionError(f"Permission denied: {path}")
PermissionError: Permission denied: C:\Users\EvOlZ\AppData\Local\Temp\pytest-of-EvOlZ\pytest-23\test_delete_error_hides_path0\templates\users\testuser\sample.json
2026-03-10 21:46:24,451 ERROR app: get_config error: Traceback (most recent call last):
  File 'app.py'...
Traceback (most recent call last):
  File "D:\cod\shablon_rassilok\tests\..\app.py", line 672, in get_config
    config = load_config()
             ^^^^^^^^^^^^^
  File "C:\Python_11\Lib\unittest\mock.py", line 1118, in __call__
    return self._mock_call(*args, **kwargs)
           ^^^^^^^^^^^^^^^^^^^^^^^^^^^^^^^^
  File "C:\Python_11\Lib\unittest\mock.py", line 1122, in _mock_call
    return self._execute_mock_call(*args, **kwargs)
           ^^^^^^^^^^^^^^^^^^^^^^^^^^^^^^^^^^^^^^^^
  File "C:\Python_11\Lib\unittest\mock.py", line 1183, in _execute_mock_call
    result = effect(*args, **kwargs)
             ^^^^^^^^^^^^^^^^^^^^^^^
  File "D:\cod\shablon_rassilok\tests\test_fixes.py", line 312, in bad_load
    raise RuntimeError("Traceback (most recent call last):\n  File 'app.py'...")
RuntimeError: Traceback (most recent call last):
  File 'app.py'...
2026-03-10 21:46:56,808 ERROR app: templates_load error: Expecting value: line 1 column 1 (char 0)
Traceback (most recent call last):
  File "D:\cod\shablon_rassilok\tests\..\app.py", line 849, in templates_load
    template = json.load(f)
               ^^^^^^^^^^^^
  File "C:\Python_11\Lib\json\__init__.py", line 293, in load
    return loads(fp.read(),
           ^^^^^^^^^^^^^^^^
  File "C:\Python_11\Lib\json\__init__.py", line 346, in loads
    return _default_decoder.decode(s)
           ^^^^^^^^^^^^^^^^^^^^^^^^^^
  File "C:\Python_11\Lib\json\decoder.py", line 337, in decode
    obj, end = self.raw_decode(s, idx=_w(s, 0).end())
               ^^^^^^^^^^^^^^^^^^^^^^^^^^^^^^^^^^^^^^
  File "C:\Python_11\Lib\json\decoder.py", line 355, in raw_decode
    raise JSONDecodeError("Expecting value", s, err.value) from None
json.decoder.JSONDecodeError: Expecting value: line 1 column 1 (char 0)
2026-03-10 21:46:56,824 ERROR app: get_config error: Cannot read \\server\dfs\BORUP\config.json
Traceback (most recent call last):
  File "D:\cod\shablon_rassilok\tests\..\app.py", line 672, in get_config
    config = load_config()
             ^^^^^^^^^^^^^
  File "C:\Python_11\Lib\unittest\mock.py", line 1118, in __call__
    return self._mock_call(*args, **kwargs)
           ^^^^^^^^^^^^^^^^^^^^^^^^^^^^^^^^
  File "C:\Python_11\Lib\unittest\mock.py", line 1122, in _mock_call
    return self._execute_mock_call(*args, **kwargs)
           ^^^^^^^^^^^^^^^^^^^^^^^^^^^^^^^^^^^^^^^^
  File "C:\Python_11\Lib\unittest\mock.py", line 1183, in _execute_mock_call
    result = effect(*args, **kwargs)
             ^^^^^^^^^^^^^^^^^^^^^^^
  File "D:\cod\shablon_rassilok\tests\test_audit.py", line 306, in bad_load
    raise RuntimeError(f"Cannot read \\\\server\\dfs\\BORUP\\config.json")
RuntimeError: Cannot read \\server\dfs\BORUP\config.json
2026-03-10 21:46:57,128 ERROR app: templates_load error: Expecting value: line 1 column 1 (char 0)
Traceback (most recent call last):
  File "D:\cod\shablon_rassilok\tests\..\app.py", line 849, in templates_load
    template = json.load(f)
               ^^^^^^^^^^^^
  File "C:\Python_11\Lib\json\__init__.py", line 293, in load
    return loads(fp.read(),
           ^^^^^^^^^^^^^^^^
  File "C:\Python_11\Lib\json\__init__.py", line 346, in loads
    return _default_decoder.decode(s)
           ^^^^^^^^^^^^^^^^^^^^^^^^^^
  File "C:\Python_11\Lib\json\decoder.py", line 337, in decode
    obj, end = self.raw_decode(s, idx=_w(s, 0).end())
               ^^^^^^^^^^^^^^^^^^^^^^^^^^^^^^^^^^^^^^
  File "C:\Python_11\Lib\json\decoder.py", line 355, in raw_decode
    raise JSONDecodeError("Expecting value", s, err.value) from None
json.decoder.JSONDecodeError: Expecting value: line 1 column 1 (char 0)
2026-03-10 21:46:57,128 ERROR app: get_config error: Cannot read \\server\dfs\BORUP\config.json
Traceback (most recent call last):
  File "D:\cod\shablon_rassilok\tests\..\app.py", line 672, in get_config
    config = load_config()
             ^^^^^^^^^^^^^
  File "C:\Python_11\Lib\unittest\mock.py", line 1118, in __call__
    return self._mock_call(*args, **kwargs)
           ^^^^^^^^^^^^^^^^^^^^^^^^^^^^^^^^
  File "C:\Python_11\Lib\unittest\mock.py", line 1122, in _mock_call
    return self._execute_mock_call(*args, **kwargs)
           ^^^^^^^^^^^^^^^^^^^^^^^^^^^^^^^^^^^^^^^^
  File "C:\Python_11\Lib\unittest\mock.py", line 1183, in _execute_mock_call
    result = effect(*args, **kwargs)
             ^^^^^^^^^^^^^^^^^^^^^^^
  File "D:\cod\shablon_rassilok\tests\test_audit.py", line 351, in bad_load
    raise RuntimeError(r"Cannot read \\server\dfs\BORUP\config.json")
RuntimeError: Cannot read \\server\dfs\BORUP\config.json
2026-03-10 21:46:57,160 ERROR app: templates_get_categories error: OSError: C:\Users\EvOlZ\AppData\Local\Temp\audit_network_73s8irfc/templates/categories.json
Traceback (most recent call last):
  File "D:\cod\shablon_rassilok\tests\..\app.py", line 1065, in templates_get_categories
    categories = load_categories()
                 ^^^^^^^^^^^^^^^^^
  File "C:\Python_11\Lib\unittest\mock.py", line 1118, in __call__
    return self._mock_call(*args, **kwargs)
           ^^^^^^^^^^^^^^^^^^^^^^^^^^^^^^^^
  File "C:\Python_11\Lib\unittest\mock.py", line 1122, in _mock_call
    return self._execute_mock_call(*args, **kwargs)
           ^^^^^^^^^^^^^^^^^^^^^^^^^^^^^^^^^^^^^^^^
  File "C:\Python_11\Lib\unittest\mock.py", line 1183, in _execute_mock_call
    result = effect(*args, **kwargs)
             ^^^^^^^^^^^^^^^^^^^^^^^
  File "D:\cod\shablon_rassilok\tests\test_audit.py", line 364, in bad_load
    raise RuntimeError(f"OSError: {FAKE_NETWORK}/templates/categories.json")
RuntimeError: OSError: C:\Users\EvOlZ\AppData\Local\Temp\audit_network_73s8irfc/templates/categories.json
2026-03-10 21:46:57,933 ERROR app: templates_load error: Expecting value: line 1 column 1 (char 0)
Traceback (most recent call last):
  File "D:\cod\shablon_rassilok\tests\..\app.py", line 849, in templates_load
    template = json.load(f)
               ^^^^^^^^^^^^
  File "C:\Python_11\Lib\json\__init__.py", line 293, in load
    return loads(fp.read(),
           ^^^^^^^^^^^^^^^^
  File "C:\Python_11\Lib\json\__init__.py", line 346, in loads
    return _default_decoder.decode(s)
           ^^^^^^^^^^^^^^^^^^^^^^^^^^
  File "C:\Python_11\Lib\json\decoder.py", line 337, in decode
    obj, end = self.raw_decode(s, idx=_w(s, 0).end())
               ^^^^^^^^^^^^^^^^^^^^^^^^^^^^^^^^^^^^^^
  File "C:\Python_11\Lib\json\decoder.py", line 355, in raw_decode
    raise JSONDecodeError("Expecting value", s, err.value) from None
json.decoder.JSONDecodeError: Expecting value: line 1 column 1 (char 0)
2026-03-10 21:46:57,933 ERROR app: get_config error: Cannot read \\gd.rt.ru\dfs\BORUP\config.json
Traceback (most recent call last):
  File "D:\cod\shablon_rassilok\tests\..\app.py", line 672, in get_config
    config = load_config()
             ^^^^^^^^^^^^^
  File "C:\Python_11\Lib\unittest\mock.py", line 1118, in __call__
    return self._mock_call(*args, **kwargs)
           ^^^^^^^^^^^^^^^^^^^^^^^^^^^^^^^^
  File "C:\Python_11\Lib\unittest\mock.py", line 1122, in _mock_call
    return self._execute_mock_call(*args, **kwargs)
           ^^^^^^^^^^^^^^^^^^^^^^^^^^^^^^^^^^^^^^^^
  File "C:\Python_11\Lib\unittest\mock.py", line 1183, in _execute_mock_call
    result = effect(*args, **kwargs)
             ^^^^^^^^^^^^^^^^^^^^^^^
  File "D:\cod\shablon_rassilok\tests\test_fixes.py", line 272, in bad_load
    raise RuntimeError(r"Cannot read \\gd.rt.ru\dfs\BORUP\config.json")
RuntimeError: Cannot read \\gd.rt.ru\dfs\BORUP\config.json
2026-03-10 21:46:57,957 ERROR app: templates_get_categories error: C:\Users\EvOlZ\AppData\Local\Temp\fixes_network_7st32v4t/templates/categories.json not found
Traceback (most recent call last):
  File "D:\cod\shablon_rassilok\tests\..\app.py", line 1065, in templates_get_categories
    categories = load_categories()
                 ^^^^^^^^^^^^^^^^^
  File "C:\Python_11\Lib\unittest\mock.py", line 1118, in __call__
    return self._mock_call(*args, **kwargs)
           ^^^^^^^^^^^^^^^^^^^^^^^^^^^^^^^^
  File "C:\Python_11\Lib\unittest\mock.py", line 1122, in _mock_call
    return self._execute_mock_call(*args, **kwargs)
           ^^^^^^^^^^^^^^^^^^^^^^^^^^^^^^^^^^^^^^^^
  File "C:\Python_11\Lib\unittest\mock.py", line 1183, in _execute_mock_call
    result = effect(*args, **kwargs)
             ^^^^^^^^^^^^^^^^^^^^^^^
  File "D:\cod\shablon_rassilok\tests\test_fixes.py", line 281, in bad_load
    raise OSError(f"{FAKE_NETWORK}/templates/categories.json not found")
OSError: C:\Users\EvOlZ\AppData\Local\Temp\fixes_network_7st32v4t/templates/categories.json not found
2026-03-10 21:46:58,006 ERROR app: templates_save error: Cannot write to C:\Users\EvOlZ\AppData\Local\Temp\fixes_network_7st32v4t/templates/shared/x.json
Traceback (most recent call last):
  File "D:\cod\shablon_rassilok\tests\..\app.py", line 905, in templates_save
    with open(filepath, 'w', encoding='utf-8') as f:
         ^^^^^^^^^^^^^^^^^^^^^^^^^^^^^^^^^^^^^
  File "C:\Python_11\Lib\unittest\mock.py", line 1118, in __call__
    return self._mock_call(*args, **kwargs)
           ^^^^^^^^^^^^^^^^^^^^^^^^^^^^^^^^
  File "C:\Python_11\Lib\unittest\mock.py", line 1122, in _mock_call
    return self._execute_mock_call(*args, **kwargs)
           ^^^^^^^^^^^^^^^^^^^^^^^^^^^^^^^^^^^^^^^^
  File "C:\Python_11\Lib\unittest\mock.py", line 1183, in _execute_mock_call
    result = effect(*args, **kwargs)
             ^^^^^^^^^^^^^^^^^^^^^^^
  File "D:\cod\shablon_rassilok\tests\test_fixes.py", line 290, in bad_open
    raise PermissionError(f"Cannot write to {FAKE_NETWORK}/templates/shared/x.json")
PermissionError: Cannot write to C:\Users\EvOlZ\AppData\Local\Temp\fixes_network_7st32v4t/templates/shared/x.json
2026-03-10 21:46:58,041 ERROR app: templates_delete error: Permission denied: C:\Users\EvOlZ\AppData\Local\Temp\pytest-of-EvOlZ\pytest-24\test_delete_error_hides_path0\templates\users\testuser\sample.json
Traceback (most recent call last):
  File "D:\cod\shablon_rassilok\tests\..\app.py", line 954, in templates_delete
    os.remove(filepath)
  File "C:\Python_11\Lib\unittest\mock.py", line 1118, in __call__
    return self._mock_call(*args, **kwargs)
           ^^^^^^^^^^^^^^^^^^^^^^^^^^^^^^^^
  File "C:\Python_11\Lib\unittest\mock.py", line 1122, in _mock_call
    return self._execute_mock_call(*args, **kwargs)
           ^^^^^^^^^^^^^^^^^^^^^^^^^^^^^^^^^^^^^^^^
  File "C:\Python_11\Lib\unittest\mock.py", line 1183, in _execute_mock_call
    result = effect(*args, **kwargs)
             ^^^^^^^^^^^^^^^^^^^^^^^
  File "D:\cod\shablon_rassilok\tests\test_fixes.py", line 302, in bad_remove
    raise PermissionError(f"Permission denied: {path}")
PermissionError: Permission denied: C:\Users\EvOlZ\AppData\Local\Temp\pytest-of-EvOlZ\pytest-24\test_delete_error_hides_path0\templates\users\testuser\sample.json
2026-03-10 21:46:58,072 ERROR app: get_config error: Traceback (most recent call last):
  File 'app.py'...
Traceback (most recent call last):
  File "D:\cod\shablon_rassilok\tests\..\app.py", line 672, in get_config
    config = load_config()
             ^^^^^^^^^^^^^
  File "C:\Python_11\Lib\unittest\mock.py", line 1118, in __call__
    return self._mock_call(*args, **kwargs)
           ^^^^^^^^^^^^^^^^^^^^^^^^^^^^^^^^
  File "C:\Python_11\Lib\unittest\mock.py", line 1122, in _mock_call
    return self._execute_mock_call(*args, **kwargs)
           ^^^^^^^^^^^^^^^^^^^^^^^^^^^^^^^^^^^^^^^^
  File "C:\Python_11\Lib\unittest\mock.py", line 1183, in _execute_mock_call
    result = effect(*args, **kwargs)
             ^^^^^^^^^^^^^^^^^^^^^^^
  File "D:\cod\shablon_rassilok\tests\test_fixes.py", line 312, in bad_load
    raise RuntimeError("Traceback (most recent call last):\n  File 'app.py'...")
RuntimeError: Traceback (most recent call last):
  File 'app.py'...
2026-03-10 21:52:35,897 ERROR: templates_load error: Expecting value: line 1 column 1 (char 0)
Traceback (most recent call last):
  File "D:\cod\shablon_rassilok\tests\..\app.py", line 849, in templates_load
    template = json.load(f)
               ^^^^^^^^^^^^
  File "C:\Python_11\Lib\json\__init__.py", line 293, in load
    return loads(fp.read(),
           ^^^^^^^^^^^^^^^^
  File "C:\Python_11\Lib\json\__init__.py", line 346, in loads
    return _default_decoder.decode(s)
           ^^^^^^^^^^^^^^^^^^^^^^^^^^
  File "C:\Python_11\Lib\json\decoder.py", line 337, in decode
    obj, end = self.raw_decode(s, idx=_w(s, 0).end())
               ^^^^^^^^^^^^^^^^^^^^^^^^^^^^^^^^^^^^^^
  File "C:\Python_11\Lib\json\decoder.py", line 355, in raw_decode
    raise JSONDecodeError("Expecting value", s, err.value) from None
json.decoder.JSONDecodeError: Expecting value: line 1 column 1 (char 0)
2026-03-10 21:52:35,903 ERROR: get_config error: Cannot read \\server\dfs\BORUP\config.json
Traceback (most recent call last):
  File "D:\cod\shablon_rassilok\tests\..\app.py", line 672, in get_config
    config = load_config()
             ^^^^^^^^^^^^^
  File "C:\Python_11\Lib\unittest\mock.py", line 1118, in __call__
    return self._mock_call(*args, **kwargs)
           ^^^^^^^^^^^^^^^^^^^^^^^^^^^^^^^^
  File "C:\Python_11\Lib\unittest\mock.py", line 1122, in _mock_call
    return self._execute_mock_call(*args, **kwargs)
           ^^^^^^^^^^^^^^^^^^^^^^^^^^^^^^^^^^^^^^^^
  File "C:\Python_11\Lib\unittest\mock.py", line 1183, in _execute_mock_call
    result = effect(*args, **kwargs)
             ^^^^^^^^^^^^^^^^^^^^^^^
  File "D:\cod\shablon_rassilok\tests\test_audit.py", line 306, in bad_load
    raise RuntimeError(f"Cannot read \\\\server\\dfs\\BORUP\\config.json")
RuntimeError: Cannot read \\server\dfs\BORUP\config.json
2026-03-10 21:52:35,909 ERROR: templates_load error: Expecting value: line 1 column 1 (char 0)
Traceback (most recent call last):
  File "D:\cod\shablon_rassilok\tests\..\app.py", line 849, in templates_load
    template = json.load(f)
               ^^^^^^^^^^^^
  File "C:\Python_11\Lib\json\__init__.py", line 293, in load
    return loads(fp.read(),
           ^^^^^^^^^^^^^^^^
  File "C:\Python_11\Lib\json\__init__.py", line 346, in loads
    return _default_decoder.decode(s)
           ^^^^^^^^^^^^^^^^^^^^^^^^^^
  File "C:\Python_11\Lib\json\decoder.py", line 337, in decode
    obj, end = self.raw_decode(s, idx=_w(s, 0).end())
               ^^^^^^^^^^^^^^^^^^^^^^^^^^^^^^^^^^^^^^
  File "C:\Python_11\Lib\json\decoder.py", line 355, in raw_decode
    raise JSONDecodeError("Expecting value", s, err.value) from None
json.decoder.JSONDecodeError: Expecting value: line 1 column 1 (char 0)
2026-03-10 21:52:35,915 ERROR: get_config error: Cannot read \\server\dfs\BORUP\config.json
Traceback (most recent call last):
  File "D:\cod\shablon_rassilok\tests\..\app.py", line 672, in get_config
    config = load_config()
             ^^^^^^^^^^^^^
  File "C:\Python_11\Lib\unittest\mock.py", line 1118, in __call__
    return self._mock_call(*args, **kwargs)
           ^^^^^^^^^^^^^^^^^^^^^^^^^^^^^^^^
  File "C:\Python_11\Lib\unittest\mock.py", line 1122, in _mock_call
    return self._execute_mock_call(*args, **kwargs)
           ^^^^^^^^^^^^^^^^^^^^^^^^^^^^^^^^^^^^^^^^
  File "C:\Python_11\Lib\unittest\mock.py", line 1183, in _execute_mock_call
    result = effect(*args, **kwargs)
             ^^^^^^^^^^^^^^^^^^^^^^^
  File "D:\cod\shablon_rassilok\tests\test_audit.py", line 351, in bad_load
    raise RuntimeError(r"Cannot read \\server\dfs\BORUP\config.json")
RuntimeError: Cannot read \\server\dfs\BORUP\config.json
2026-03-10 21:52:35,923 ERROR: templates_get_categories error: OSError: C:\Users\EvOlZ\AppData\Local\Temp\audit_network_qn648kss/templates/categories.json
Traceback (most recent call last):
  File "D:\cod\shablon_rassilok\tests\..\app.py", line 1065, in templates_get_categories
    categories = load_categories()
                 ^^^^^^^^^^^^^^^^^
  File "C:\Python_11\Lib\unittest\mock.py", line 1118, in __call__
    return self._mock_call(*args, **kwargs)
           ^^^^^^^^^^^^^^^^^^^^^^^^^^^^^^^^
  File "C:\Python_11\Lib\unittest\mock.py", line 1122, in _mock_call
    return self._execute_mock_call(*args, **kwargs)
           ^^^^^^^^^^^^^^^^^^^^^^^^^^^^^^^^^^^^^^^^
  File "C:\Python_11\Lib\unittest\mock.py", line 1183, in _execute_mock_call
    result = effect(*args, **kwargs)
             ^^^^^^^^^^^^^^^^^^^^^^^
  File "D:\cod\shablon_rassilok\tests\test_audit.py", line 364, in bad_load
    raise RuntimeError(f"OSError: {FAKE_NETWORK}/templates/categories.json")
RuntimeError: OSError: C:\Users\EvOlZ\AppData\Local\Temp\audit_network_qn648kss/templates/categories.json
2026-03-10 21:52:36,886 ERROR: templates_load error: Expecting value: line 1 column 1 (char 0)
Traceback (most recent call last):
  File "D:\cod\shablon_rassilok\tests\..\app.py", line 849, in templates_load
    template = json.load(f)
               ^^^^^^^^^^^^
  File "C:\Python_11\Lib\json\__init__.py", line 293, in load
    return loads(fp.read(),
           ^^^^^^^^^^^^^^^^
  File "C:\Python_11\Lib\json\__init__.py", line 346, in loads
    return _default_decoder.decode(s)
           ^^^^^^^^^^^^^^^^^^^^^^^^^^
  File "C:\Python_11\Lib\json\decoder.py", line 337, in decode
    obj, end = self.raw_decode(s, idx=_w(s, 0).end())
               ^^^^^^^^^^^^^^^^^^^^^^^^^^^^^^^^^^^^^^
  File "C:\Python_11\Lib\json\decoder.py", line 355, in raw_decode
    raise JSONDecodeError("Expecting value", s, err.value) from None
json.decoder.JSONDecodeError: Expecting value: line 1 column 1 (char 0)
2026-03-10 21:52:36,888 ERROR: get_config error: Cannot read \\gd.rt.ru\dfs\BORUP\config.json
Traceback (most recent call last):
  File "D:\cod\shablon_rassilok\tests\..\app.py", line 672, in get_config
    config = load_config()
             ^^^^^^^^^^^^^
  File "C:\Python_11\Lib\unittest\mock.py", line 1118, in __call__
    return self._mock_call(*args, **kwargs)
           ^^^^^^^^^^^^^^^^^^^^^^^^^^^^^^^^
  File "C:\Python_11\Lib\unittest\mock.py", line 1122, in _mock_call
    return self._execute_mock_call(*args, **kwargs)
           ^^^^^^^^^^^^^^^^^^^^^^^^^^^^^^^^^^^^^^^^
  File "C:\Python_11\Lib\unittest\mock.py", line 1183, in _execute_mock_call
    result = effect(*args, **kwargs)
             ^^^^^^^^^^^^^^^^^^^^^^^
  File "D:\cod\shablon_rassilok\tests\test_fixes.py", line 272, in bad_load
    raise RuntimeError(r"Cannot read \\gd.rt.ru\dfs\BORUP\config.json")
RuntimeError: Cannot read \\gd.rt.ru\dfs\BORUP\config.json
2026-03-10 21:52:36,899 ERROR: templates_get_categories error: C:\Users\EvOlZ\AppData\Local\Temp\fixes_network_lkdbvm1q/templates/categories.json not found
Traceback (most recent call last):
  File "D:\cod\shablon_rassilok\tests\..\app.py", line 1065, in templates_get_categories
    categories = load_categories()
                 ^^^^^^^^^^^^^^^^^
  File "C:\Python_11\Lib\unittest\mock.py", line 1118, in __call__
    return self._mock_call(*args, **kwargs)
           ^^^^^^^^^^^^^^^^^^^^^^^^^^^^^^^^
  File "C:\Python_11\Lib\unittest\mock.py", line 1122, in _mock_call
    return self._execute_mock_call(*args, **kwargs)
           ^^^^^^^^^^^^^^^^^^^^^^^^^^^^^^^^^^^^^^^^
  File "C:\Python_11\Lib\unittest\mock.py", line 1183, in _execute_mock_call
    result = effect(*args, **kwargs)
             ^^^^^^^^^^^^^^^^^^^^^^^
  File "D:\cod\shablon_rassilok\tests\test_fixes.py", line 281, in bad_load
    raise OSError(f"{FAKE_NETWORK}/templates/categories.json not found")
OSError: C:\Users\EvOlZ\AppData\Local\Temp\fixes_network_lkdbvm1q/templates/categories.json not found
2026-03-10 21:52:36,902 ERROR: templates_save error: Cannot write to C:\Users\EvOlZ\AppData\Local\Temp\fixes_network_lkdbvm1q/templates/shared/x.json
Traceback (most recent call last):
  File "D:\cod\shablon_rassilok\tests\..\app.py", line 905, in templates_save
    with open(filepath, 'w', encoding='utf-8') as f:
         ^^^^^^^^^^^^^^^^^^^^^^^^^^^^^^^^^^^^^
  File "C:\Python_11\Lib\unittest\mock.py", line 1118, in __call__
    return self._mock_call(*args, **kwargs)
           ^^^^^^^^^^^^^^^^^^^^^^^^^^^^^^^^
  File "C:\Python_11\Lib\unittest\mock.py", line 1122, in _mock_call
    return self._execute_mock_call(*args, **kwargs)
           ^^^^^^^^^^^^^^^^^^^^^^^^^^^^^^^^^^^^^^^^
  File "C:\Python_11\Lib\unittest\mock.py", line 1183, in _execute_mock_call
    result = effect(*args, **kwargs)
             ^^^^^^^^^^^^^^^^^^^^^^^
  File "D:\cod\shablon_rassilok\tests\test_fixes.py", line 290, in bad_open
    raise PermissionError(f"Cannot write to {FAKE_NETWORK}/templates/shared/x.json")
PermissionError: Cannot write to C:\Users\EvOlZ\AppData\Local\Temp\fixes_network_lkdbvm1q/templates/shared/x.json
2026-03-10 21:52:36,914 ERROR: templates_delete error: Permission denied: C:\Users\EvOlZ\AppData\Local\Temp\pytest-of-EvOlZ\pytest-26\test_delete_error_hides_path0\templates\users\testuser\sample.json
Traceback (most recent call last):
  File "D:\cod\shablon_rassilok\tests\..\app.py", line 954, in templates_delete
    os.remove(filepath)
  File "C:\Python_11\Lib\unittest\mock.py", line 1118, in __call__
    return self._mock_call(*args, **kwargs)
           ^^^^^^^^^^^^^^^^^^^^^^^^^^^^^^^^
  File "C:\Python_11\Lib\unittest\mock.py", line 1122, in _mock_call
    return self._execute_mock_call(*args, **kwargs)
           ^^^^^^^^^^^^^^^^^^^^^^^^^^^^^^^^^^^^^^^^
  File "C:\Python_11\Lib\unittest\mock.py", line 1183, in _execute_mock_call
    result = effect(*args, **kwargs)
             ^^^^^^^^^^^^^^^^^^^^^^^
  File "D:\cod\shablon_rassilok\tests\test_fixes.py", line 302, in bad_remove
    raise PermissionError(f"Permission denied: {path}")
PermissionError: Permission denied: C:\Users\EvOlZ\AppData\Local\Temp\pytest-of-EvOlZ\pytest-26\test_delete_error_hides_path0\templates\users\testuser\sample.json
2026-03-10 21:52:36,918 ERROR: get_config error: Traceback (most recent call last):
  File 'app.py'...
Traceback (most recent call last):
  File "D:\cod\shablon_rassilok\tests\..\app.py", line 672, in get_config
    config = load_config()
             ^^^^^^^^^^^^^
  File "C:\Python_11\Lib\unittest\mock.py", line 1118, in __call__
    return self._mock_call(*args, **kwargs)
           ^^^^^^^^^^^^^^^^^^^^^^^^^^^^^^^^
  File "C:\Python_11\Lib\unittest\mock.py", line 1122, in _mock_call
    return self._execute_mock_call(*args, **kwargs)
           ^^^^^^^^^^^^^^^^^^^^^^^^^^^^^^^^^^^^^^^^
  File "C:\Python_11\Lib\unittest\mock.py", line 1183, in _execute_mock_call
    result = effect(*args, **kwargs)
             ^^^^^^^^^^^^^^^^^^^^^^^
  File "D:\cod\shablon_rassilok\tests\test_fixes.py", line 312, in bad_load
    raise RuntimeError("Traceback (most recent call last):\n  File 'app.py'...")
RuntimeError: Traceback (most recent call last):
  File 'app.py'...
2026-03-10 22:04:57,528 ERROR: templates_load error: Expecting value: line 1 column 1 (char 0)
Traceback (most recent call last):
  File "D:\cod\shablon_rassilok\tests\..\app.py", line 849, in templates_load
    template = json.load(f)
               ^^^^^^^^^^^^
  File "C:\Python_11\Lib\json\__init__.py", line 293, in load
    return loads(fp.read(),
           ^^^^^^^^^^^^^^^^
  File "C:\Python_11\Lib\json\__init__.py", line 346, in loads
    return _default_decoder.decode(s)
           ^^^^^^^^^^^^^^^^^^^^^^^^^^
  File "C:\Python_11\Lib\json\decoder.py", line 337, in decode
    obj, end = self.raw_decode(s, idx=_w(s, 0).end())
               ^^^^^^^^^^^^^^^^^^^^^^^^^^^^^^^^^^^^^^
  File "C:\Python_11\Lib\json\decoder.py", line 355, in raw_decode
    raise JSONDecodeError("Expecting value", s, err.value) from None
json.decoder.JSONDecodeError: Expecting value: line 1 column 1 (char 0)
2026-03-10 22:04:57,534 ERROR: get_config error: Cannot read \\server\dfs\BORUP\config.json
Traceback (most recent call last):
  File "D:\cod\shablon_rassilok\tests\..\app.py", line 672, in get_config
    config = load_config()
             ^^^^^^^^^^^^^
  File "C:\Python_11\Lib\unittest\mock.py", line 1118, in __call__
    return self._mock_call(*args, **kwargs)
           ^^^^^^^^^^^^^^^^^^^^^^^^^^^^^^^^
  File "C:\Python_11\Lib\unittest\mock.py", line 1122, in _mock_call
    return self._execute_mock_call(*args, **kwargs)
           ^^^^^^^^^^^^^^^^^^^^^^^^^^^^^^^^^^^^^^^^
  File "C:\Python_11\Lib\unittest\mock.py", line 1183, in _execute_mock_call
    result = effect(*args, **kwargs)
             ^^^^^^^^^^^^^^^^^^^^^^^
  File "D:\cod\shablon_rassilok\tests\test_audit.py", line 306, in bad_load
    raise RuntimeError(f"Cannot read \\\\server\\dfs\\BORUP\\config.json")
RuntimeError: Cannot read \\server\dfs\BORUP\config.json
2026-03-10 22:04:57,539 ERROR: templates_load error: Expecting value: line 1 column 1 (char 0)
Traceback (most recent call last):
  File "D:\cod\shablon_rassilok\tests\..\app.py", line 849, in templates_load
    template = json.load(f)
               ^^^^^^^^^^^^
  File "C:\Python_11\Lib\json\__init__.py", line 293, in load
    return loads(fp.read(),
           ^^^^^^^^^^^^^^^^
  File "C:\Python_11\Lib\json\__init__.py", line 346, in loads
    return _default_decoder.decode(s)
           ^^^^^^^^^^^^^^^^^^^^^^^^^^
  File "C:\Python_11\Lib\json\decoder.py", line 337, in decode
    obj, end = self.raw_decode(s, idx=_w(s, 0).end())
               ^^^^^^^^^^^^^^^^^^^^^^^^^^^^^^^^^^^^^^
  File "C:\Python_11\Lib\json\decoder.py", line 355, in raw_decode
    raise JSONDecodeError("Expecting value", s, err.value) from None
json.decoder.JSONDecodeError: Expecting value: line 1 column 1 (char 0)
2026-03-10 22:04:57,539 ERROR: get_config error: Cannot read \\server\dfs\BORUP\config.json
Traceback (most recent call last):
  File "D:\cod\shablon_rassilok\tests\..\app.py", line 672, in get_config
    config = load_config()
             ^^^^^^^^^^^^^
  File "C:\Python_11\Lib\unittest\mock.py", line 1118, in __call__
    return self._mock_call(*args, **kwargs)
           ^^^^^^^^^^^^^^^^^^^^^^^^^^^^^^^^
  File "C:\Python_11\Lib\unittest\mock.py", line 1122, in _mock_call
    return self._execute_mock_call(*args, **kwargs)
           ^^^^^^^^^^^^^^^^^^^^^^^^^^^^^^^^^^^^^^^^
  File "C:\Python_11\Lib\unittest\mock.py", line 1183, in _execute_mock_call
    result = effect(*args, **kwargs)
             ^^^^^^^^^^^^^^^^^^^^^^^
  File "D:\cod\shablon_rassilok\tests\test_audit.py", line 351, in bad_load
    raise RuntimeError(r"Cannot read \\server\dfs\BORUP\config.json")
RuntimeError: Cannot read \\server\dfs\BORUP\config.json
2026-03-10 22:04:57,553 ERROR: templates_get_categories error: OSError: C:\Users\EvOlZ\AppData\Local\Temp\audit_network_1y3chpus/templates/categories.json
Traceback (most recent call last):
  File "D:\cod\shablon_rassilok\tests\..\app.py", line 1065, in templates_get_categories
    categories = load_categories()
                 ^^^^^^^^^^^^^^^^^
  File "C:\Python_11\Lib\unittest\mock.py", line 1118, in __call__
    return self._mock_call(*args, **kwargs)
           ^^^^^^^^^^^^^^^^^^^^^^^^^^^^^^^^
  File "C:\Python_11\Lib\unittest\mock.py", line 1122, in _mock_call
    return self._execute_mock_call(*args, **kwargs)
           ^^^^^^^^^^^^^^^^^^^^^^^^^^^^^^^^^^^^^^^^
  File "C:\Python_11\Lib\unittest\mock.py", line 1183, in _execute_mock_call
    result = effect(*args, **kwargs)
             ^^^^^^^^^^^^^^^^^^^^^^^
  File "D:\cod\shablon_rassilok\tests\test_audit.py", line 364, in bad_load
    raise RuntimeError(f"OSError: {FAKE_NETWORK}/templates/categories.json")
RuntimeError: OSError: C:\Users\EvOlZ\AppData\Local\Temp\audit_network_1y3chpus/templates/categories.json
2026-03-10 22:04:58,488 ERROR: templates_load error: Expecting value: line 1 column 1 (char 0)
Traceback (most recent call last):
  File "D:\cod\shablon_rassilok\tests\..\app.py", line 849, in templates_load
    template = json.load(f)
               ^^^^^^^^^^^^
  File "C:\Python_11\Lib\json\__init__.py", line 293, in load
    return loads(fp.read(),
           ^^^^^^^^^^^^^^^^
  File "C:\Python_11\Lib\json\__init__.py", line 346, in loads
    return _default_decoder.decode(s)
           ^^^^^^^^^^^^^^^^^^^^^^^^^^
  File "C:\Python_11\Lib\json\decoder.py", line 337, in decode
    obj, end = self.raw_decode(s, idx=_w(s, 0).end())
               ^^^^^^^^^^^^^^^^^^^^^^^^^^^^^^^^^^^^^^
  File "C:\Python_11\Lib\json\decoder.py", line 355, in raw_decode
    raise JSONDecodeError("Expecting value", s, err.value) from None
json.decoder.JSONDecodeError: Expecting value: line 1 column 1 (char 0)
2026-03-10 22:04:58,493 ERROR: get_config error: Cannot read \\gd.rt.ru\dfs\BORUP\config.json
Traceback (most recent call last):
  File "D:\cod\shablon_rassilok\tests\..\app.py", line 672, in get_config
    config = load_config()
             ^^^^^^^^^^^^^
  File "C:\Python_11\Lib\unittest\mock.py", line 1118, in __call__
    return self._mock_call(*args, **kwargs)
           ^^^^^^^^^^^^^^^^^^^^^^^^^^^^^^^^
  File "C:\Python_11\Lib\unittest\mock.py", line 1122, in _mock_call
    return self._execute_mock_call(*args, **kwargs)
           ^^^^^^^^^^^^^^^^^^^^^^^^^^^^^^^^^^^^^^^^
  File "C:\Python_11\Lib\unittest\mock.py", line 1183, in _execute_mock_call
    result = effect(*args, **kwargs)
             ^^^^^^^^^^^^^^^^^^^^^^^
  File "D:\cod\shablon_rassilok\tests\test_fixes.py", line 272, in bad_load
    raise RuntimeError(r"Cannot read \\gd.rt.ru\dfs\BORUP\config.json")
RuntimeError: Cannot read \\gd.rt.ru\dfs\BORUP\config.json
2026-03-10 22:04:58,500 ERROR: templates_get_categories error: C:\Users\EvOlZ\AppData\Local\Temp\fixes_network_px3tjqbo/templates/categories.json not found
Traceback (most recent call last):
  File "D:\cod\shablon_rassilok\tests\..\app.py", line 1065, in templates_get_categories
    categories = load_categories()
                 ^^^^^^^^^^^^^^^^^
  File "C:\Python_11\Lib\unittest\mock.py", line 1118, in __call__
    return self._mock_call(*args, **kwargs)
           ^^^^^^^^^^^^^^^^^^^^^^^^^^^^^^^^
  File "C:\Python_11\Lib\unittest\mock.py", line 1122, in _mock_call
    return self._execute_mock_call(*args, **kwargs)
           ^^^^^^^^^^^^^^^^^^^^^^^^^^^^^^^^^^^^^^^^
  File "C:\Python_11\Lib\unittest\mock.py", line 1183, in _execute_mock_call
    result = effect(*args, **kwargs)
             ^^^^^^^^^^^^^^^^^^^^^^^
  File "D:\cod\shablon_rassilok\tests\test_fixes.py", line 281, in bad_load
    raise OSError(f"{FAKE_NETWORK}/templates/categories.json not found")
OSError: C:\Users\EvOlZ\AppData\Local\Temp\fixes_network_px3tjqbo/templates/categories.json not found
2026-03-10 22:04:58,508 ERROR: templates_save error: Cannot write to C:\Users\EvOlZ\AppData\Local\Temp\fixes_network_px3tjqbo/templates/shared/x.json
Traceback (most recent call last):
  File "D:\cod\shablon_rassilok\tests\..\app.py", line 905, in templates_save
    with open(filepath, 'w', encoding='utf-8') as f:
         ^^^^^^^^^^^^^^^^^^^^^^^^^^^^^^^^^^^^^
  File "C:\Python_11\Lib\unittest\mock.py", line 1118, in __call__
    return self._mock_call(*args, **kwargs)
           ^^^^^^^^^^^^^^^^^^^^^^^^^^^^^^^^
  File "C:\Python_11\Lib\unittest\mock.py", line 1122, in _mock_call
    return self._execute_mock_call(*args, **kwargs)
           ^^^^^^^^^^^^^^^^^^^^^^^^^^^^^^^^^^^^^^^^
  File "C:\Python_11\Lib\unittest\mock.py", line 1183, in _execute_mock_call
    result = effect(*args, **kwargs)
             ^^^^^^^^^^^^^^^^^^^^^^^
  File "D:\cod\shablon_rassilok\tests\test_fixes.py", line 290, in bad_open
    raise PermissionError(f"Cannot write to {FAKE_NETWORK}/templates/shared/x.json")
PermissionError: Cannot write to C:\Users\EvOlZ\AppData\Local\Temp\fixes_network_px3tjqbo/templates/shared/x.json
2026-03-10 22:04:58,516 ERROR: templates_delete error: Permission denied: C:\Users\EvOlZ\AppData\Local\Temp\pytest-of-EvOlZ\pytest-27\test_delete_error_hides_path0\templates\users\testuser\sample.json
Traceback (most recent call last):
  File "D:\cod\shablon_rassilok\tests\..\app.py", line 954, in templates_delete
    os.remove(filepath)
  File "C:\Python_11\Lib\unittest\mock.py", line 1118, in __call__
    return self._mock_call(*args, **kwargs)
           ^^^^^^^^^^^^^^^^^^^^^^^^^^^^^^^^
  File "C:\Python_11\Lib\unittest\mock.py", line 1122, in _mock_call
    return self._execute_mock_call(*args, **kwargs)
           ^^^^^^^^^^^^^^^^^^^^^^^^^^^^^^^^^^^^^^^^
  File "C:\Python_11\Lib\unittest\mock.py", line 1183, in _execute_mock_call
    result = effect(*args, **kwargs)
             ^^^^^^^^^^^^^^^^^^^^^^^
  File "D:\cod\shablon_rassilok\tests\test_fixes.py", line 302, in bad_remove
    raise PermissionError(f"Permission denied: {path}")
PermissionError: Permission denied: C:\Users\EvOlZ\AppData\Local\Temp\pytest-of-EvOlZ\pytest-27\test_delete_error_hides_path0\templates\users\testuser\sample.json
2026-03-10 22:04:58,520 ERROR: get_config error: Traceback (most recent call last):
  File 'app.py'...
Traceback (most recent call last):
  File "D:\cod\shablon_rassilok\tests\..\app.py", line 672, in get_config
    config = load_config()
             ^^^^^^^^^^^^^
  File "C:\Python_11\Lib\unittest\mock.py", line 1118, in __call__
    return self._mock_call(*args, **kwargs)
           ^^^^^^^^^^^^^^^^^^^^^^^^^^^^^^^^
  File "C:\Python_11\Lib\unittest\mock.py", line 1122, in _mock_call
    return self._execute_mock_call(*args, **kwargs)
           ^^^^^^^^^^^^^^^^^^^^^^^^^^^^^^^^^^^^^^^^
  File "C:\Python_11\Lib\unittest\mock.py", line 1183, in _execute_mock_call
    result = effect(*args, **kwargs)
             ^^^^^^^^^^^^^^^^^^^^^^^
  File "D:\cod\shablon_rassilok\tests\test_fixes.py", line 312, in bad_load
    raise RuntimeError("Traceback (most recent call last):\n  File 'app.py'...")
RuntimeError: Traceback (most recent call last):
  File 'app.py'...
2026-03-10 22:39:48,012 ERROR: templates_load error: Expecting value: line 1 column 1 (char 0)
Traceback (most recent call last):
  File "D:\cod\shablon_rassilok\tests\..\app.py", line 849, in templates_load
    template = json.load(f)
               ^^^^^^^^^^^^
  File "C:\Python_11\Lib\json\__init__.py", line 293, in load
    return loads(fp.read(),
           ^^^^^^^^^^^^^^^^
  File "C:\Python_11\Lib\json\__init__.py", line 346, in loads
    return _default_decoder.decode(s)
           ^^^^^^^^^^^^^^^^^^^^^^^^^^
  File "C:\Python_11\Lib\json\decoder.py", line 337, in decode
    obj, end = self.raw_decode(s, idx=_w(s, 0).end())
               ^^^^^^^^^^^^^^^^^^^^^^^^^^^^^^^^^^^^^^
  File "C:\Python_11\Lib\json\decoder.py", line 355, in raw_decode
    raise JSONDecodeError("Expecting value", s, err.value) from None
json.decoder.JSONDecodeError: Expecting value: line 1 column 1 (char 0)
2026-03-10 22:39:48,020 ERROR: get_config error: Cannot read \\server\dfs\BORUP\config.json
Traceback (most recent call last):
  File "D:\cod\shablon_rassilok\tests\..\app.py", line 672, in get_config
    config = load_config()
             ^^^^^^^^^^^^^
  File "C:\Python_11\Lib\unittest\mock.py", line 1118, in __call__
    return self._mock_call(*args, **kwargs)
           ^^^^^^^^^^^^^^^^^^^^^^^^^^^^^^^^
  File "C:\Python_11\Lib\unittest\mock.py", line 1122, in _mock_call
    return self._execute_mock_call(*args, **kwargs)
           ^^^^^^^^^^^^^^^^^^^^^^^^^^^^^^^^^^^^^^^^
  File "C:\Python_11\Lib\unittest\mock.py", line 1183, in _execute_mock_call
    result = effect(*args, **kwargs)
             ^^^^^^^^^^^^^^^^^^^^^^^
  File "D:\cod\shablon_rassilok\tests\test_audit.py", line 306, in bad_load
    raise RuntimeError(f"Cannot read \\\\server\\dfs\\BORUP\\config.json")
RuntimeError: Cannot read \\server\dfs\BORUP\config.json
2026-03-10 22:39:48,048 ERROR: templates_load error: Expecting value: line 1 column 1 (char 0)
Traceback (most recent call last):
  File "D:\cod\shablon_rassilok\tests\..\app.py", line 849, in templates_load
    template = json.load(f)
               ^^^^^^^^^^^^
  File "C:\Python_11\Lib\json\__init__.py", line 293, in load
    return loads(fp.read(),
           ^^^^^^^^^^^^^^^^
  File "C:\Python_11\Lib\json\__init__.py", line 346, in loads
    return _default_decoder.decode(s)
           ^^^^^^^^^^^^^^^^^^^^^^^^^^
  File "C:\Python_11\Lib\json\decoder.py", line 337, in decode
    obj, end = self.raw_decode(s, idx=_w(s, 0).end())
               ^^^^^^^^^^^^^^^^^^^^^^^^^^^^^^^^^^^^^^
  File "C:\Python_11\Lib\json\decoder.py", line 355, in raw_decode
    raise JSONDecodeError("Expecting value", s, err.value) from None
json.decoder.JSONDecodeError: Expecting value: line 1 column 1 (char 0)
2026-03-10 22:39:48,051 ERROR: get_config error: Cannot read \\server\dfs\BORUP\config.json
Traceback (most recent call last):
  File "D:\cod\shablon_rassilok\tests\..\app.py", line 672, in get_config
    config = load_config()
             ^^^^^^^^^^^^^
  File "C:\Python_11\Lib\unittest\mock.py", line 1118, in __call__
    return self._mock_call(*args, **kwargs)
           ^^^^^^^^^^^^^^^^^^^^^^^^^^^^^^^^
  File "C:\Python_11\Lib\unittest\mock.py", line 1122, in _mock_call
    return self._execute_mock_call(*args, **kwargs)
           ^^^^^^^^^^^^^^^^^^^^^^^^^^^^^^^^^^^^^^^^
  File "C:\Python_11\Lib\unittest\mock.py", line 1183, in _execute_mock_call
    result = effect(*args, **kwargs)
             ^^^^^^^^^^^^^^^^^^^^^^^
  File "D:\cod\shablon_rassilok\tests\test_audit.py", line 351, in bad_load
    raise RuntimeError(r"Cannot read \\server\dfs\BORUP\config.json")
RuntimeError: Cannot read \\server\dfs\BORUP\config.json
2026-03-10 22:39:48,058 ERROR: templates_get_categories error: OSError: C:\Users\EvOlZ\AppData\Local\Temp\audit_network_237u75aa/templates/categories.json
Traceback (most recent call last):
  File "D:\cod\shablon_rassilok\tests\..\app.py", line 1065, in templates_get_categories
    categories = load_categories()
                 ^^^^^^^^^^^^^^^^^
  File "C:\Python_11\Lib\unittest\mock.py", line 1118, in __call__
    return self._mock_call(*args, **kwargs)
           ^^^^^^^^^^^^^^^^^^^^^^^^^^^^^^^^
  File "C:\Python_11\Lib\unittest\mock.py", line 1122, in _mock_call
    return self._execute_mock_call(*args, **kwargs)
           ^^^^^^^^^^^^^^^^^^^^^^^^^^^^^^^^^^^^^^^^
  File "C:\Python_11\Lib\unittest\mock.py", line 1183, in _execute_mock_call
    result = effect(*args, **kwargs)
             ^^^^^^^^^^^^^^^^^^^^^^^
  File "D:\cod\shablon_rassilok\tests\test_audit.py", line 364, in bad_load
    raise RuntimeError(f"OSError: {FAKE_NETWORK}/templates/categories.json")
RuntimeError: OSError: C:\Users\EvOlZ\AppData\Local\Temp\audit_network_237u75aa/templates/categories.json
2026-03-10 22:39:49,119 ERROR: templates_load error: Expecting value: line 1 column 1 (char 0)
Traceback (most recent call last):
  File "D:\cod\shablon_rassilok\tests\..\app.py", line 849, in templates_load
    template = json.load(f)
               ^^^^^^^^^^^^
  File "C:\Python_11\Lib\json\__init__.py", line 293, in load
    return loads(fp.read(),
           ^^^^^^^^^^^^^^^^
  File "C:\Python_11\Lib\json\__init__.py", line 346, in loads
    return _default_decoder.decode(s)
           ^^^^^^^^^^^^^^^^^^^^^^^^^^
  File "C:\Python_11\Lib\json\decoder.py", line 337, in decode
    obj, end = self.raw_decode(s, idx=_w(s, 0).end())
               ^^^^^^^^^^^^^^^^^^^^^^^^^^^^^^^^^^^^^^
  File "C:\Python_11\Lib\json\decoder.py", line 355, in raw_decode
    raise JSONDecodeError("Expecting value", s, err.value) from None
json.decoder.JSONDecodeError: Expecting value: line 1 column 1 (char 0)
2026-03-10 22:39:49,123 ERROR: get_config error: Cannot read \\gd.rt.ru\dfs\BORUP\config.json
Traceback (most recent call last):
  File "D:\cod\shablon_rassilok\tests\..\app.py", line 672, in get_config
    config = load_config()
             ^^^^^^^^^^^^^
  File "C:\Python_11\Lib\unittest\mock.py", line 1118, in __call__
    return self._mock_call(*args, **kwargs)
           ^^^^^^^^^^^^^^^^^^^^^^^^^^^^^^^^
  File "C:\Python_11\Lib\unittest\mock.py", line 1122, in _mock_call
    return self._execute_mock_call(*args, **kwargs)
           ^^^^^^^^^^^^^^^^^^^^^^^^^^^^^^^^^^^^^^^^
  File "C:\Python_11\Lib\unittest\mock.py", line 1183, in _execute_mock_call
    result = effect(*args, **kwargs)
             ^^^^^^^^^^^^^^^^^^^^^^^
  File "D:\cod\shablon_rassilok\tests\test_fixes.py", line 272, in bad_load
    raise RuntimeError(r"Cannot read \\gd.rt.ru\dfs\BORUP\config.json")
RuntimeError: Cannot read \\gd.rt.ru\dfs\BORUP\config.json
2026-03-10 22:39:49,132 ERROR: templates_get_categories error: C:\Users\EvOlZ\AppData\Local\Temp\fixes_network_vayyozkq/templates/categories.json not found
Traceback (most recent call last):
  File "D:\cod\shablon_rassilok\tests\..\app.py", line 1065, in templates_get_categories
    categories = load_categories()
                 ^^^^^^^^^^^^^^^^^
  File "C:\Python_11\Lib\unittest\mock.py", line 1118, in __call__
    return self._mock_call(*args, **kwargs)
           ^^^^^^^^^^^^^^^^^^^^^^^^^^^^^^^^
  File "C:\Python_11\Lib\unittest\mock.py", line 1122, in _mock_call
    return self._execute_mock_call(*args, **kwargs)
           ^^^^^^^^^^^^^^^^^^^^^^^^^^^^^^^^^^^^^^^^
  File "C:\Python_11\Lib\unittest\mock.py", line 1183, in _execute_mock_call
    result = effect(*args, **kwargs)
             ^^^^^^^^^^^^^^^^^^^^^^^
  File "D:\cod\shablon_rassilok\tests\test_fixes.py", line 281, in bad_load
    raise OSError(f"{FAKE_NETWORK}/templates/categories.json not found")
OSError: C:\Users\EvOlZ\AppData\Local\Temp\fixes_network_vayyozkq/templates/categories.json not found
2026-03-10 22:39:49,140 ERROR: templates_save error: Cannot write to C:\Users\EvOlZ\AppData\Local\Temp\fixes_network_vayyozkq/templates/shared/x.json
Traceback (most recent call last):
  File "D:\cod\shablon_rassilok\tests\..\app.py", line 905, in templates_save
    with open(filepath, 'w', encoding='utf-8') as f:
         ^^^^^^^^^^^^^^^^^^^^^^^^^^^^^^^^^^^^^
  File "C:\Python_11\Lib\unittest\mock.py", line 1118, in __call__
    return self._mock_call(*args, **kwargs)
           ^^^^^^^^^^^^^^^^^^^^^^^^^^^^^^^^
  File "C:\Python_11\Lib\unittest\mock.py", line 1122, in _mock_call
    return self._execute_mock_call(*args, **kwargs)
           ^^^^^^^^^^^^^^^^^^^^^^^^^^^^^^^^^^^^^^^^
  File "C:\Python_11\Lib\unittest\mock.py", line 1183, in _execute_mock_call
    result = effect(*args, **kwargs)
             ^^^^^^^^^^^^^^^^^^^^^^^
  File "D:\cod\shablon_rassilok\tests\test_fixes.py", line 290, in bad_open
    raise PermissionError(f"Cannot write to {FAKE_NETWORK}/templates/shared/x.json")
PermissionError: Cannot write to C:\Users\EvOlZ\AppData\Local\Temp\fixes_network_vayyozkq/templates/shared/x.json
2026-03-10 22:39:49,151 ERROR: templates_delete error: Permission denied: C:\Users\EvOlZ\AppData\Local\Temp\pytest-of-EvOlZ\pytest-28\test_delete_error_hides_path0\templates\users\testuser\sample.json
Traceback (most recent call last):
  File "D:\cod\shablon_rassilok\tests\..\app.py", line 954, in templates_delete
    os.remove(filepath)
  File "C:\Python_11\Lib\unittest\mock.py", line 1118, in __call__
    return self._mock_call(*args, **kwargs)
           ^^^^^^^^^^^^^^^^^^^^^^^^^^^^^^^^
  File "C:\Python_11\Lib\unittest\mock.py", line 1122, in _mock_call
    return self._execute_mock_call(*args, **kwargs)
           ^^^^^^^^^^^^^^^^^^^^^^^^^^^^^^^^^^^^^^^^
  File "C:\Python_11\Lib\unittest\mock.py", line 1183, in _execute_mock_call
    result = effect(*args, **kwargs)
             ^^^^^^^^^^^^^^^^^^^^^^^
  File "D:\cod\shablon_rassilok\tests\test_fixes.py", line 302, in bad_remove
    raise PermissionError(f"Permission denied: {path}")
PermissionError: Permission denied: C:\Users\EvOlZ\AppData\Local\Temp\pytest-of-EvOlZ\pytest-28\test_delete_error_hides_path0\templates\users\testuser\sample.json
2026-03-10 22:39:49,154 ERROR: get_config error: Traceback (most recent call last):
  File 'app.py'...
Traceback (most recent call last):
  File "D:\cod\shablon_rassilok\tests\..\app.py", line 672, in get_config
    config = load_config()
             ^^^^^^^^^^^^^
  File "C:\Python_11\Lib\unittest\mock.py", line 1118, in __call__
    return self._mock_call(*args, **kwargs)
           ^^^^^^^^^^^^^^^^^^^^^^^^^^^^^^^^
  File "C:\Python_11\Lib\unittest\mock.py", line 1122, in _mock_call
    return self._execute_mock_call(*args, **kwargs)
           ^^^^^^^^^^^^^^^^^^^^^^^^^^^^^^^^^^^^^^^^
  File "C:\Python_11\Lib\unittest\mock.py", line 1183, in _execute_mock_call
    result = effect(*args, **kwargs)
             ^^^^^^^^^^^^^^^^^^^^^^^
  File "D:\cod\shablon_rassilok\tests\test_fixes.py", line 312, in bad_load
    raise RuntimeError("Traceback (most recent call last):\n  File 'app.py'...")
RuntimeError: Traceback (most recent call last):
  File 'app.py'...
